2026-02-21T04:42:11.198318Z  INFO tailwindcss_oxide::scanner: Provided sources:
2026-02-21T04:42:11.198413Z  INFO tailwindcss_oxide::scanner: Source: PublicSourceEntry { base: "G:\\notmine\\demo", pattern: "**/*", negated: false }
2026-02-21T04:42:11.198557Z  INFO tailwindcss_oxide::scanner: Optimized sources:
2026-02-21T04:42:11.198579Z  INFO tailwindcss_oxide::scanner: Source: Auto { base: "G:\\notmine\\demo" }
2026-02-21T04:42:11.199722Z  INFO discover_sources: tailwindcss_oxide::scanner: enter
2026-02-21T04:42:11.199829Z  INFO discover_sources:walk_synchronous: tailwindcss_oxide::scanner: enter
2026-02-21T04:42:11.201427Z  INFO discover_sources:walk_synchronous: tailwindcss_oxide::scanner: exit
2026-02-21T04:42:11.202137Z  INFO tailwindcss_oxide::scanner: Reading "G:\\notmine\\demo\\app\\actions.js"
2026-02-21T04:42:11.202265Z  INFO tailwindcss_oxide::scanner: Reading "G:\\notmine\\demo\\app\\class\\[id]\\ClassroomClient.js"
2026-02-21T04:42:11.202265Z  INFO tailwindcss_oxide::scanner: Reading "G:\\notmine\\demo\\next.config.mjs"
2026-02-21T04:42:11.202268Z  INFO tailwindcss_oxide::scanner: Reading "G:\\notmine\\demo\\app\\page.js"
2026-02-21T04:42:11.202339Z  INFO tailwindcss_oxide::scanner: Reading "G:\\notmine\\demo\\package.json"
2026-02-21T04:42:11.202353Z  INFO tailwindcss_oxide::scanner: Reading "G:\\notmine\\demo\\debug.txt"
2026-02-21T04:42:11.202377Z  INFO tailwindcss_oxide::scanner: Reading "G:\\notmine\\demo\\postcss.config.mjs"
2026-02-21T04:42:11.202391Z  INFO tailwindcss_oxide::scanner: Reading "G:\\notmine\\demo\\eslint.config.mjs"
2026-02-21T04:42:11.202399Z  INFO tailwindcss_oxide::scanner: Reading "G:\\notmine\\demo\\app\\class\\[id]\\page.js"
2026-02-21T04:42:11.202425Z  INFO tailwindcss_oxide::scanner: Reading "G:\\notmine\\demo\\jsconfig.json"
2026-02-21T04:42:11.202434Z  INFO tailwindcss_oxide::scanner: Reading "G:\\notmine\\demo\\prisma\\schema.prisma"
2026-02-21T04:42:11.202435Z  INFO tailwindcss_oxide::scanner: Reading "G:\\notmine\\demo\\app\\DashboardClient.js"
2026-02-21T04:42:11.202460Z  INFO tailwindcss_oxide::scanner: Reading "G:\\notmine\\demo\\lib\\db.js"
2026-02-21T04:42:11.202470Z  INFO tailwindcss_oxide::scanner: Reading "G:\\notmine\\demo\\prisma_out.txt"
2026-02-21T04:42:11.202495Z  INFO tailwindcss_oxide::scanner: Reading "G:\\notmine\\demo\\public\\vercel.svg"
2026-02-21T04:42:11.202504Z  INFO tailwindcss_oxide::scanner: Reading "G:\\notmine\\demo\\public\\globe.svg"
2026-02-21T04:42:11.202527Z  INFO tailwindcss_oxide::scanner: Reading "G:\\notmine\\demo\\public\\window.svg"
2026-02-21T04:42:11.202534Z  INFO tailwindcss_oxide::scanner: Reading "G:\\notmine\\demo\\app\\layout.js"
2026-02-21T04:42:11.202536Z  INFO tailwindcss_oxide::scanner: Reading "G:\\notmine\\demo\\public\\next.svg"
2026-02-21T04:42:11.202525Z  INFO tailwindcss_oxide::scanner: Reading "G:\\notmine\\demo\\public\\file.svg"
2026-02-21T04:42:11.202558Z  INFO tailwindcss_oxide::scanner: Reading "G:\\notmine\\demo\\README.md"
2026-02-21T04:42:11.202659Z  INFO discover_sources: tailwindcss_oxide::scanner: exit
2026-02-21T04:42:11.202668Z  INFO extract_candidates: tailwindcss_oxide::scanner: enter
2026-02-21T04:42:11.202671Z  INFO extract_candidates:parse_all_blobs: tailwindcss_oxide::scanner: enter
2026-02-21T04:42:11.202676Z  INFO extract_candidates:parse_all_blobs:extract: tailwindcss_oxide::scanner: enter
2026-02-21T04:42:11.203290Z  INFO extract_candidates:parse_all_blobs:extract: tailwindcss_oxide::scanner: exit
2026-02-21T04:42:11.203302Z  INFO extract_candidates:parse_all_blobs: tailwindcss_oxide::scanner: exit
2026-02-21T04:42:11.203308Z  INFO extract_candidates:read_all_files: tailwindcss_oxide::scanner: enter
2026-02-21T04:42:11.203311Z  INFO extract_candidates:read_all_files: tailwindcss_oxide::scanner: Reading 1 file(s)
2026-02-21T04:42:11.203383Z  INFO extract_candidates:read_all_files: tailwindcss_oxide::scanner: Reading "G:\\notmine\\demo\\app\\globals.css"
2026-02-21T04:42:11.203393Z  INFO extract_candidates:read_all_files: tailwindcss_oxide::scanner: exit
2026-02-21T04:42:11.203397Z  INFO extract_candidates:extract_css_variables: tailwindcss_oxide::scanner: enter
2026-02-21T04:42:11.203592Z  INFO extract_candidates:extract_css_variables:extract: tailwindcss_oxide::scanner: enter
2026-02-21T04:42:11.203841Z  INFO extract_candidates:extract_css_variables:extract: tailwindcss_oxide::scanner: exit
2026-02-21T04:42:11.203872Z  INFO extract_candidates:extract_css_variables: tailwindcss_oxide::scanner: exit
2026-02-21T04:42:11.204005Z  INFO extract_candidates: tailwindcss_oxide::scanner: exit
2026-02-21T04:42:11.204492Z  INFO get_files: tailwindcss_oxide::scanner: enter
2026-02-21T04:42:11.204526Z  INFO get_files:discover_sources: tailwindcss_oxide::scanner: enter
2026-02-21T04:42:11.204532Z  INFO get_files:discover_sources: tailwindcss_oxide::scanner: exit
2026-02-21T04:42:11.204773Z  INFO get_files: tailwindcss_oxide::scanner: exit
2026-02-21T04:42:11.205029Z  INFO get_globs: tailwindcss_oxide::scanner: enter
2026-02-21T04:42:11.205050Z  INFO get_globs:discover_sources: tailwindcss_oxide::scanner: enter
2026-02-21T04:42:11.205056Z  INFO get_globs:discover_sources: tailwindcss_oxide::scanner: exit
2026-02-21T04:42:11.207369Z  INFO get_globs: tailwindcss_oxide::scanner: exit
2026-02-21T04:44:50.466784Z  INFO discover_sources: tailwindcss_oxide::scanner: enter
2026-02-21T04:44:50.466850Z  INFO discover_sources:walk_parallel: tailwindcss_oxide::scanner: enter
2026-02-21T04:44:50.481016Z  INFO discover_sources:walk_parallel: tailwindcss_oxide::scanner: exit
2026-02-21T04:44:50.482743Z  INFO tailwindcss_oxide::scanner: Reading "G:\\notmine\\demo\\debug.txt"
2026-02-21T04:44:50.482965Z  INFO tailwindcss_oxide::scanner: Reading "G:\\notmine\\demo\\public\\globe.svg"
2026-02-21T04:44:50.483065Z  INFO tailwindcss_oxide::scanner: Reading "G:\\notmine\\demo\\prisma\\schema.prisma"
2026-02-21T04:44:50.483290Z  INFO tailwindcss_oxide::scanner: Reading "G:\\notmine\\demo\\next.config.mjs"
2026-02-21T04:44:50.483315Z  INFO tailwindcss_oxide::scanner: Reading "G:\\notmine\\demo\\README.md"
2026-02-21T04:44:50.483408Z  INFO tailwindcss_oxide::scanner: Reading "G:\\notmine\\demo\\app\\class\\[id]\\ClassroomClient.js"
2026-02-21T04:44:50.483453Z  INFO tailwindcss_oxide::scanner: Reading "G:\\notmine\\demo\\eslint.config.mjs"
2026-02-21T04:44:50.483495Z  INFO tailwindcss_oxide::scanner: Reading "G:\\notmine\\demo\\app\\layout.js"
2026-02-21T04:44:50.483573Z  INFO tailwindcss_oxide::scanner: Reading "G:\\notmine\\demo\\lib\\db.js"
2026-02-21T04:44:50.483585Z  INFO tailwindcss_oxide::scanner: Reading "G:\\notmine\\demo\\package.json"
2026-02-21T04:44:50.483617Z  INFO tailwindcss_oxide::scanner: Reading "G:\\notmine\\demo\\public\\window.svg"
2026-02-21T04:44:50.483649Z  INFO tailwindcss_oxide::scanner: Reading "G:\\notmine\\demo\\app\\DashboardClient.js"
2026-02-21T04:44:50.483699Z  INFO tailwindcss_oxide::scanner: Reading "G:\\notmine\\demo\\prisma_out.txt"
2026-02-21T04:44:50.483721Z  INFO tailwindcss_oxide::scanner: Reading "G:\\notmine\\demo\\jsconfig.json"
2026-02-21T04:44:50.483775Z  INFO tailwindcss_oxide::scanner: Reading "G:\\notmine\\demo\\public\\vercel.svg"
2026-02-21T04:44:50.483817Z  INFO tailwindcss_oxide::scanner: Reading "G:\\notmine\\demo\\postcss.config.mjs"
2026-02-21T04:44:50.483837Z  INFO tailwindcss_oxide::scanner: Reading "G:\\notmine\\demo\\public\\next.svg"
2026-02-21T04:44:50.483858Z  INFO tailwindcss_oxide::scanner: Reading "G:\\notmine\\demo\\app\\actions.js"
2026-02-21T04:44:50.483005Z  INFO tailwindcss_oxide::scanner: Reading "G:\\notmine\\demo\\app\\page.js"
2026-02-21T04:44:50.483888Z  INFO tailwindcss_oxide::scanner: Reading "G:\\notmine\\demo\\app\\class\\[id]\\page.js"
2026-02-21T04:44:50.483645Z  INFO tailwindcss_oxide::scanner: Reading "G:\\notmine\\demo\\public\\file.svg"
2026-02-21T04:44:50.484618Z  INFO discover_sources: tailwindcss_oxide::scanner: exit
2026-02-21T04:44:50.484666Z  INFO extract_candidates: tailwindcss_oxide::scanner: enter
2026-02-21T04:44:50.484676Z  INFO extract_candidates:parse_all_blobs: tailwindcss_oxide::scanner: enter
2026-02-21T04:44:50.484686Z  INFO extract_candidates:parse_all_blobs:extract: tailwindcss_oxide::scanner: enter
2026-02-21T04:44:50.493937Z  INFO extract_candidates:parse_all_blobs:extract: tailwindcss_oxide::scanner: exit
2026-02-21T04:44:50.494023Z  INFO extract_candidates:parse_all_blobs: tailwindcss_oxide::scanner: exit
2026-02-21T04:44:50.494039Z  INFO extract_candidates:read_all_files: tailwindcss_oxide::scanner: enter
2026-02-21T04:44:50.494047Z  INFO extract_candidates:read_all_files: tailwindcss_oxide::scanner: Reading 1 file(s)
2026-02-21T04:44:50.494336Z  INFO extract_candidates:read_all_files: tailwindcss_oxide::scanner: Reading "G:\\notmine\\demo\\app\\globals.css"
2026-02-21T04:44:50.494354Z  INFO extract_candidates:read_all_files: tailwindcss_oxide::scanner: exit
2026-02-21T04:44:50.494364Z  INFO extract_candidates:extract_css_variables: tailwindcss_oxide::scanner: enter
2026-02-21T04:44:50.494373Z  INFO extract_candidates:extract_css_variables:extract: tailwindcss_oxide::scanner: enter
2026-02-21T04:44:50.494436Z  INFO extract_candidates:extract_css_variables:extract: tailwindcss_oxide::scanner: exit
2026-02-21T04:44:50.494446Z  INFO extract_candidates:extract_css_variables: tailwindcss_oxide::scanner: exit
2026-02-21T04:44:50.494525Z  INFO extract_candidates: tailwindcss_oxide::scanner: exit
2026-02-21T04:44:50.495037Z  INFO get_files: tailwindcss_oxide::scanner: enter
2026-02-21T04:44:50.495051Z  INFO get_files:discover_sources: tailwindcss_oxide::scanner: enter
2026-02-21T04:44:50.495060Z  INFO get_files:discover_sources: tailwindcss_oxide::scanner: exit
2026-02-21T04:44:50.495336Z  INFO get_files: tailwindcss_oxide::scanner: exit
2026-02-21T04:44:50.495617Z  INFO get_globs: tailwindcss_oxide::scanner: enter
2026-02-21T04:44:50.495633Z  INFO get_globs: tailwindcss_oxide::scanner: exit
2026-02-21T04:47:24.373692Z  INFO discover_sources: tailwindcss_oxide::scanner: enter
2026-02-21T04:47:24.373734Z  INFO discover_sources:walk_parallel: tailwindcss_oxide::scanner: enter
2026-02-21T04:47:24.382440Z  INFO discover_sources:walk_parallel: tailwindcss_oxide::scanner: exit
2026-02-21T04:47:24.383433Z  INFO discover_sources: tailwindcss_oxide::scanner: Reading "G:\\notmine\\demo\\app\\layout.js"
2026-02-21T04:47:24.383475Z  INFO discover_sources: tailwindcss_oxide::scanner: exit
2026-02-21T04:47:24.383485Z  INFO extract_candidates: tailwindcss_oxide::scanner: enter
2026-02-21T04:47:24.383491Z  INFO extract_candidates:parse_all_blobs: tailwindcss_oxide::scanner: enter
2026-02-21T04:47:24.383497Z  INFO extract_candidates:parse_all_blobs:extract: tailwindcss_oxide::scanner: enter
2026-02-21T04:47:24.384126Z  INFO extract_candidates:parse_all_blobs:extract: tailwindcss_oxide::scanner: exit
2026-02-21T04:47:24.384167Z  INFO extract_candidates:parse_all_blobs: tailwindcss_oxide::scanner: exit
2026-02-21T04:47:24.384194Z  INFO extract_candidates: tailwindcss_oxide::scanner: exit
2026-02-21T04:47:24.384584Z  INFO get_files: tailwindcss_oxide::scanner: enter
2026-02-21T04:47:24.384609Z  INFO get_files:discover_sources: tailwindcss_oxide::scanner: enter
2026-02-21T04:47:24.384616Z  INFO get_files:discover_sources: tailwindcss_oxide::scanner: exit
2026-02-21T04:47:24.384691Z  INFO get_files: tailwindcss_oxide::scanner: exit
2026-02-21T04:47:24.384847Z  INFO get_globs: tailwindcss_oxide::scanner: enter
2026-02-21T04:47:24.384862Z  INFO get_globs: tailwindcss_oxide::scanner: exit
2026-02-21T04:47:28.446427Z  INFO discover_sources: tailwindcss_oxide::scanner: enter
2026-02-21T04:47:28.446461Z  INFO discover_sources:walk_parallel: tailwindcss_oxide::scanner: enter
2026-02-21T04:47:28.452702Z  INFO discover_sources:walk_parallel: tailwindcss_oxide::scanner: exit
2026-02-21T04:47:28.453691Z  INFO discover_sources: tailwindcss_oxide::scanner: exit
2026-02-21T04:47:28.453742Z  INFO extract_candidates: tailwindcss_oxide::scanner: enter
2026-02-21T04:47:28.453756Z  INFO extract_candidates:parse_all_blobs: tailwindcss_oxide::scanner: enter
2026-02-21T04:47:28.453760Z  INFO extract_candidates:parse_all_blobs:extract: tailwindcss_oxide::scanner: enter
2026-02-21T04:47:28.453764Z  INFO extract_candidates:parse_all_blobs:extract: tailwindcss_oxide::scanner: exit
2026-02-21T04:47:28.453777Z  INFO extract_candidates:parse_all_blobs: tailwindcss_oxide::scanner: exit
2026-02-21T04:47:28.453796Z  INFO extract_candidates: tailwindcss_oxide::scanner: exit
2026-02-21T04:47:28.454089Z  INFO get_files: tailwindcss_oxide::scanner: enter
2026-02-21T04:47:28.454097Z  INFO get_files:discover_sources: tailwindcss_oxide::scanner: enter
2026-02-21T04:47:28.454101Z  INFO get_files:discover_sources: tailwindcss_oxide::scanner: exit
2026-02-21T04:47:28.454242Z  INFO get_files: tailwindcss_oxide::scanner: exit
2026-02-21T04:47:28.454448Z  INFO get_globs: tailwindcss_oxide::scanner: enter
2026-02-21T04:47:28.454462Z  INFO get_globs: tailwindcss_oxide::scanner: exit
2026-02-21T04:47:41.545346Z  INFO discover_sources: tailwindcss_oxide::scanner: enter
2026-02-21T04:47:41.545388Z  INFO discover_sources:walk_parallel: tailwindcss_oxide::scanner: enter
2026-02-21T04:47:41.561090Z  INFO discover_sources:walk_parallel: tailwindcss_oxide::scanner: exit
2026-02-21T04:47:41.562406Z  INFO discover_sources: tailwindcss_oxide::scanner: Reading "G:\\notmine\\demo\\app\\components\\Sidebar.js"
2026-02-21T04:47:41.562451Z  INFO discover_sources: tailwindcss_oxide::scanner: exit
2026-02-21T04:47:41.562467Z  INFO extract_candidates: tailwindcss_oxide::scanner: enter
2026-02-21T04:47:41.562475Z  INFO extract_candidates:parse_all_blobs: tailwindcss_oxide::scanner: enter
2026-02-21T04:47:41.562483Z  INFO extract_candidates:parse_all_blobs:extract: tailwindcss_oxide::scanner: enter
2026-02-21T04:47:41.562490Z  INFO extract_candidates:parse_all_blobs:extract: tailwindcss_oxide::scanner: exit
2026-02-21T04:47:41.562497Z  INFO extract_candidates:parse_all_blobs: tailwindcss_oxide::scanner: exit
2026-02-21T04:47:41.562517Z  INFO extract_candidates: tailwindcss_oxide::scanner: exit
2026-02-21T04:47:41.562841Z  INFO get_files: tailwindcss_oxide::scanner: enter
2026-02-21T04:47:41.562866Z  INFO get_files:discover_sources: tailwindcss_oxide::scanner: enter
2026-02-21T04:47:41.562875Z  INFO get_files:discover_sources: tailwindcss_oxide::scanner: exit
2026-02-21T04:47:41.563305Z  INFO get_files: tailwindcss_oxide::scanner: exit
2026-02-21T04:47:41.563483Z  INFO get_globs: tailwindcss_oxide::scanner: enter
2026-02-21T04:47:41.563501Z  INFO get_globs: tailwindcss_oxide::scanner: exit
2026-02-21T04:47:41.605810Z  INFO discover_sources: tailwindcss_oxide::scanner: enter
2026-02-21T04:47:41.605861Z  INFO discover_sources:walk_parallel: tailwindcss_oxide::scanner: enter
2026-02-21T04:47:41.613386Z  INFO discover_sources:walk_parallel: tailwindcss_oxide::scanner: exit
2026-02-21T04:47:41.614497Z  INFO discover_sources: tailwindcss_oxide::scanner: Reading "G:\\notmine\\demo\\app\\components\\Sidebar.js"
2026-02-21T04:47:41.614531Z  INFO discover_sources: tailwindcss_oxide::scanner: exit
2026-02-21T04:47:41.614545Z  INFO extract_candidates: tailwindcss_oxide::scanner: enter
2026-02-21T04:47:41.614553Z  INFO extract_candidates:parse_all_blobs: tailwindcss_oxide::scanner: enter
2026-02-21T04:47:41.614560Z  INFO extract_candidates:parse_all_blobs:extract: tailwindcss_oxide::scanner: enter
2026-02-21T04:47:41.615121Z  INFO extract_candidates:parse_all_blobs:extract: tailwindcss_oxide::scanner: exit
2026-02-21T04:47:41.615160Z  INFO extract_candidates:parse_all_blobs: tailwindcss_oxide::scanner: exit
2026-02-21T04:47:41.615214Z  INFO extract_candidates: tailwindcss_oxide::scanner: exit
2026-02-21T04:47:41.615553Z  INFO get_files: tailwindcss_oxide::scanner: enter
2026-02-21T04:47:41.615566Z  INFO get_files:discover_sources: tailwindcss_oxide::scanner: enter
2026-02-21T04:47:41.615571Z  INFO get_files:discover_sources: tailwindcss_oxide::scanner: exit
2026-02-21T04:47:41.616099Z  INFO get_files: tailwindcss_oxide::scanner: exit
2026-02-21T04:47:41.616233Z  INFO get_globs: tailwindcss_oxide::scanner: enter
2026-02-21T04:47:41.616245Z  INFO get_globs: tailwindcss_oxide::scanner: exit
2026-02-21T04:47:43.567352Z  INFO discover_sources: tailwindcss_oxide::scanner: enter
2026-02-21T04:47:43.567386Z  INFO discover_sources:walk_parallel: tailwindcss_oxide::scanner: enter
2026-02-21T04:47:43.575474Z  INFO discover_sources:walk_parallel: tailwindcss_oxide::scanner: exit
2026-02-21T04:47:43.576272Z  INFO discover_sources: tailwindcss_oxide::scanner: Reading "G:\\notmine\\demo\\app\\class\\[id]\\ClassroomClient.js"
2026-02-21T04:47:43.576295Z  INFO discover_sources: tailwindcss_oxide::scanner: exit
2026-02-21T04:47:43.576302Z  INFO extract_candidates: tailwindcss_oxide::scanner: enter
2026-02-21T04:47:43.576306Z  INFO extract_candidates:parse_all_blobs: tailwindcss_oxide::scanner: enter
2026-02-21T04:47:43.576310Z  INFO extract_candidates:parse_all_blobs:extract: tailwindcss_oxide::scanner: enter
2026-02-21T04:47:43.576710Z  INFO extract_candidates:parse_all_blobs:extract: tailwindcss_oxide::scanner: exit
2026-02-21T04:47:43.576743Z  INFO extract_candidates:parse_all_blobs: tailwindcss_oxide::scanner: exit
2026-02-21T04:47:43.576784Z  INFO extract_candidates: tailwindcss_oxide::scanner: exit
2026-02-21T04:47:43.577149Z  INFO get_files: tailwindcss_oxide::scanner: enter
2026-02-21T04:47:43.577158Z  INFO get_files:discover_sources: tailwindcss_oxide::scanner: enter
2026-02-21T04:47:43.577163Z  INFO get_files:discover_sources: tailwindcss_oxide::scanner: exit
2026-02-21T04:47:43.577204Z  INFO get_files: tailwindcss_oxide::scanner: exit
2026-02-21T04:47:43.577366Z  INFO get_globs: tailwindcss_oxide::scanner: enter
2026-02-21T04:47:43.577378Z  INFO get_globs: tailwindcss_oxide::scanner: exit
2026-02-21T04:48:22.114939Z  INFO discover_sources: tailwindcss_oxide::scanner: enter
2026-02-21T04:48:22.114978Z  INFO discover_sources:walk_parallel: tailwindcss_oxide::scanner: enter
2026-02-21T04:48:22.124692Z  INFO discover_sources:walk_parallel: tailwindcss_oxide::scanner: exit
2026-02-21T04:48:22.125726Z  INFO discover_sources: tailwindcss_oxide::scanner: Reading "G:\\notmine\\demo\\app\\class\\[id]\\ClassroomClient.js"
2026-02-21T04:48:22.125769Z  INFO discover_sources: tailwindcss_oxide::scanner: exit
2026-02-21T04:48:22.125780Z  INFO extract_candidates: tailwindcss_oxide::scanner: enter
2026-02-21T04:48:22.125786Z  INFO extract_candidates:parse_all_blobs: tailwindcss_oxide::scanner: enter
2026-02-21T04:48:22.125792Z  INFO extract_candidates:parse_all_blobs:extract: tailwindcss_oxide::scanner: enter
2026-02-21T04:48:22.126422Z  INFO extract_candidates:parse_all_blobs:extract: tailwindcss_oxide::scanner: exit
2026-02-21T04:48:22.126454Z  INFO extract_candidates:parse_all_blobs: tailwindcss_oxide::scanner: exit
2026-02-21T04:48:22.126490Z  INFO extract_candidates: tailwindcss_oxide::scanner: exit
2026-02-21T04:48:22.126861Z  INFO get_files: tailwindcss_oxide::scanner: enter
2026-02-21T04:48:22.126878Z  INFO get_files:discover_sources: tailwindcss_oxide::scanner: enter
2026-02-21T04:48:22.126883Z  INFO get_files:discover_sources: tailwindcss_oxide::scanner: exit
2026-02-21T04:48:22.126954Z  INFO get_files: tailwindcss_oxide::scanner: exit
2026-02-21T04:48:22.127030Z  INFO get_globs: tailwindcss_oxide::scanner: enter
2026-02-21T04:48:22.127038Z  INFO get_globs: tailwindcss_oxide::scanner: exit
2026-02-21T04:48:40.226864Z  INFO discover_sources: tailwindcss_oxide::scanner: enter
2026-02-21T04:48:40.226903Z  INFO discover_sources:walk_parallel: tailwindcss_oxide::scanner: enter
2026-02-21T04:48:40.232906Z  INFO discover_sources:walk_parallel: tailwindcss_oxide::scanner: exit
2026-02-21T04:48:40.233898Z  INFO discover_sources: tailwindcss_oxide::scanner: Reading "G:\\notmine\\demo\\app\\class\\[id]\\ClassroomClient.js"
2026-02-21T04:48:40.233923Z  INFO discover_sources: tailwindcss_oxide::scanner: exit
2026-02-21T04:48:40.233932Z  INFO extract_candidates: tailwindcss_oxide::scanner: enter
2026-02-21T04:48:40.233939Z  INFO extract_candidates:parse_all_blobs: tailwindcss_oxide::scanner: enter
2026-02-21T04:48:40.233945Z  INFO extract_candidates:parse_all_blobs:extract: tailwindcss_oxide::scanner: enter
2026-02-21T04:48:40.234270Z  INFO extract_candidates:parse_all_blobs:extract: tailwindcss_oxide::scanner: exit
2026-02-21T04:48:40.234298Z  INFO extract_candidates:parse_all_blobs: tailwindcss_oxide::scanner: exit
2026-02-21T04:48:40.234338Z  INFO extract_candidates: tailwindcss_oxide::scanner: exit
2026-02-21T04:48:40.234588Z  INFO get_files: tailwindcss_oxide::scanner: enter
2026-02-21T04:48:40.234593Z  INFO get_files:discover_sources: tailwindcss_oxide::scanner: enter
2026-02-21T04:48:40.234597Z  INFO get_files:discover_sources: tailwindcss_oxide::scanner: exit
2026-02-21T04:48:40.234678Z  INFO get_files: tailwindcss_oxide::scanner: exit
2026-02-21T04:48:40.234728Z  INFO get_globs: tailwindcss_oxide::scanner: enter
2026-02-21T04:48:40.234732Z  INFO get_globs: tailwindcss_oxide::scanner: exit
2026-02-21T05:12:32.126486Z  INFO discover_sources: tailwindcss_oxide::scanner: enter
2026-02-21T05:12:32.126550Z  INFO discover_sources:walk_parallel: tailwindcss_oxide::scanner: enter
2026-02-21T05:12:32.132542Z  INFO discover_sources:walk_parallel: tailwindcss_oxide::scanner: exit
2026-02-21T05:12:32.134125Z  INFO discover_sources: tailwindcss_oxide::scanner: Reading "G:\\notmine\\demo\\lib\\db.js"
2026-02-21T05:12:32.134202Z  INFO discover_sources: tailwindcss_oxide::scanner: exit
2026-02-21T05:12:32.134228Z  INFO extract_candidates: tailwindcss_oxide::scanner: enter
2026-02-21T05:12:32.134241Z  INFO extract_candidates:parse_all_blobs: tailwindcss_oxide::scanner: enter
2026-02-21T05:12:32.134246Z  INFO extract_candidates:parse_all_blobs:extract: tailwindcss_oxide::scanner: enter
2026-02-21T05:12:32.134592Z  INFO extract_candidates:parse_all_blobs:extract: tailwindcss_oxide::scanner: exit
2026-02-21T05:12:32.134665Z  INFO extract_candidates:parse_all_blobs: tailwindcss_oxide::scanner: exit
2026-02-21T05:12:32.134711Z  INFO extract_candidates: tailwindcss_oxide::scanner: exit
2026-02-21T05:12:32.135582Z  INFO get_files: tailwindcss_oxide::scanner: enter
2026-02-21T05:12:32.135623Z  INFO get_files:discover_sources: tailwindcss_oxide::scanner: enter
2026-02-21T05:12:32.135631Z  INFO get_files:discover_sources: tailwindcss_oxide::scanner: exit
2026-02-21T05:12:32.135737Z  INFO get_files: tailwindcss_oxide::scanner: exit
2026-02-21T05:12:32.135839Z  INFO get_globs: tailwindcss_oxide::scanner: enter
2026-02-21T05:12:32.135849Z  INFO get_globs: tailwindcss_oxide::scanner: exit
2026-02-21T05:14:51.283545Z  INFO discover_sources: tailwindcss_oxide::scanner: enter
2026-02-21T05:14:51.283623Z  INFO discover_sources:walk_parallel: tailwindcss_oxide::scanner: enter
2026-02-21T05:14:51.296456Z  INFO discover_sources:walk_parallel: tailwindcss_oxide::scanner: exit
2026-02-21T05:14:51.298483Z  INFO tailwindcss_oxide::scanner: Reading "G:\\notmine\\demo\\seed_err.txt"
2026-02-21T05:14:51.298528Z  INFO tailwindcss_oxide::scanner: Reading "G:\\notmine\\demo\\app\\DashboardClient.js"
2026-02-21T05:14:51.298535Z  INFO tailwindcss_oxide::scanner: Reading "G:\\notmine\\demo\\seed.js"
2026-02-21T05:14:51.298670Z  INFO discover_sources: tailwindcss_oxide::scanner: exit
2026-02-21T05:14:51.298702Z  INFO extract_candidates: tailwindcss_oxide::scanner: enter
2026-02-21T05:14:51.298715Z  INFO extract_candidates:parse_all_blobs: tailwindcss_oxide::scanner: enter
2026-02-21T05:14:51.298725Z  INFO extract_candidates:parse_all_blobs:extract: tailwindcss_oxide::scanner: enter
2026-02-21T05:14:51.299231Z  INFO extract_candidates:parse_all_blobs:extract: tailwindcss_oxide::scanner: exit
2026-02-21T05:14:51.299283Z  INFO extract_candidates:parse_all_blobs: tailwindcss_oxide::scanner: exit
2026-02-21T05:14:51.299347Z  INFO extract_candidates: tailwindcss_oxide::scanner: exit
2026-02-21T05:14:51.299777Z  INFO get_files: tailwindcss_oxide::scanner: enter
2026-02-21T05:14:51.299805Z  INFO get_files:discover_sources: tailwindcss_oxide::scanner: enter
2026-02-21T05:14:51.299815Z  INFO get_files:discover_sources: tailwindcss_oxide::scanner: exit
2026-02-21T05:14:51.300007Z  INFO get_files: tailwindcss_oxide::scanner: exit
2026-02-21T05:14:51.300156Z  INFO get_globs: tailwindcss_oxide::scanner: enter
2026-02-21T05:14:51.300176Z  INFO get_globs: tailwindcss_oxide::scanner: exit
2026-02-21T05:14:56.997841Z  INFO discover_sources: tailwindcss_oxide::scanner: enter
2026-02-21T05:14:56.997906Z  INFO discover_sources:walk_parallel: tailwindcss_oxide::scanner: enter
2026-02-21T05:14:57.009437Z  INFO discover_sources:walk_parallel: tailwindcss_oxide::scanner: exit
2026-02-21T05:14:57.011247Z  INFO discover_sources: tailwindcss_oxide::scanner: Reading "G:\\notmine\\demo\\app\\components\\Sidebar.js"
2026-02-21T05:14:57.011294Z  INFO discover_sources: tailwindcss_oxide::scanner: exit
2026-02-21T05:14:57.011309Z  INFO extract_candidates: tailwindcss_oxide::scanner: enter
2026-02-21T05:14:57.011317Z  INFO extract_candidates:parse_all_blobs: tailwindcss_oxide::scanner: enter
2026-02-21T05:14:57.011326Z  INFO extract_candidates:parse_all_blobs:extract: tailwindcss_oxide::scanner: enter
2026-02-21T05:14:57.011691Z  INFO extract_candidates:parse_all_blobs:extract: tailwindcss_oxide::scanner: exit
2026-02-21T05:14:57.011774Z  INFO extract_candidates:parse_all_blobs: tailwindcss_oxide::scanner: exit
2026-02-21T05:14:57.011835Z  INFO extract_candidates: tailwindcss_oxide::scanner: exit
2026-02-21T05:14:57.012287Z  INFO get_files: tailwindcss_oxide::scanner: enter
2026-02-21T05:14:57.012315Z  INFO get_files:discover_sources: tailwindcss_oxide::scanner: enter
2026-02-21T05:14:57.012324Z  INFO get_files:discover_sources: tailwindcss_oxide::scanner: exit
2026-02-21T05:14:57.012497Z  INFO get_files: tailwindcss_oxide::scanner: exit
2026-02-21T05:14:57.012626Z  INFO get_globs: tailwindcss_oxide::scanner: enter
2026-02-21T05:14:57.012646Z  INFO get_globs: tailwindcss_oxide::scanner: exit
2026-02-21T05:15:16.851118Z  INFO discover_sources: tailwindcss_oxide::scanner: enter
2026-02-21T05:15:16.851177Z  INFO discover_sources:walk_parallel: tailwindcss_oxide::scanner: enter
2026-02-21T05:15:16.868585Z  INFO discover_sources:walk_parallel: tailwindcss_oxide::scanner: exit
2026-02-21T05:15:16.869777Z  INFO discover_sources: tailwindcss_oxide::scanner: Reading "G:\\notmine\\demo\\app\\actions.js"
2026-02-21T05:15:16.869817Z  INFO discover_sources: tailwindcss_oxide::scanner: exit
2026-02-21T05:15:16.869830Z  INFO extract_candidates: tailwindcss_oxide::scanner: enter
2026-02-21T05:15:16.869837Z  INFO extract_candidates:parse_all_blobs: tailwindcss_oxide::scanner: enter
2026-02-21T05:15:16.869847Z  INFO extract_candidates:parse_all_blobs:extract: tailwindcss_oxide::scanner: enter
2026-02-21T05:15:16.873656Z  INFO extract_candidates:parse_all_blobs:extract: tailwindcss_oxide::scanner: exit
2026-02-21T05:15:16.873716Z  INFO extract_candidates:parse_all_blobs: tailwindcss_oxide::scanner: exit
2026-02-21T05:15:16.873747Z  INFO extract_candidates: tailwindcss_oxide::scanner: exit
2026-02-21T05:15:16.874089Z  INFO get_files: tailwindcss_oxide::scanner: enter
2026-02-21T05:15:16.874113Z  INFO get_files:discover_sources: tailwindcss_oxide::scanner: enter
2026-02-21T05:15:16.874120Z  INFO get_files:discover_sources: tailwindcss_oxide::scanner: exit
2026-02-21T05:15:16.874191Z  INFO get_files: tailwindcss_oxide::scanner: exit
2026-02-21T05:15:16.874306Z  INFO get_globs: tailwindcss_oxide::scanner: enter
2026-02-21T05:15:16.874324Z  INFO get_globs: tailwindcss_oxide::scanner: exit
2026-02-21T05:15:50.473827Z  INFO discover_sources: tailwindcss_oxide::scanner: enter
2026-02-21T05:15:50.473868Z  INFO discover_sources:walk_parallel: tailwindcss_oxide::scanner: enter
2026-02-21T05:15:50.483499Z  INFO discover_sources:walk_parallel: tailwindcss_oxide::scanner: exit
2026-02-21T05:15:50.485041Z  INFO discover_sources: tailwindcss_oxide::scanner: Reading "G:\\notmine\\demo\\app\\class\\[id]\\page.js"
2026-02-21T05:15:50.485084Z  INFO discover_sources: tailwindcss_oxide::scanner: exit
2026-02-21T05:15:50.485097Z  INFO extract_candidates: tailwindcss_oxide::scanner: enter
2026-02-21T05:15:50.485104Z  INFO extract_candidates:parse_all_blobs: tailwindcss_oxide::scanner: enter
2026-02-21T05:15:50.485111Z  INFO extract_candidates:parse_all_blobs:extract: tailwindcss_oxide::scanner: enter
2026-02-21T05:15:50.486265Z  INFO extract_candidates:parse_all_blobs:extract: tailwindcss_oxide::scanner: exit
2026-02-21T05:15:50.486345Z  INFO extract_candidates:parse_all_blobs: tailwindcss_oxide::scanner: exit
2026-02-21T05:15:50.486388Z  INFO extract_candidates: tailwindcss_oxide::scanner: exit
2026-02-21T05:15:50.486743Z  INFO get_files: tailwindcss_oxide::scanner: enter
2026-02-21T05:15:50.486764Z  INFO get_files:discover_sources: tailwindcss_oxide::scanner: enter
2026-02-21T05:15:50.486772Z  INFO get_files:discover_sources: tailwindcss_oxide::scanner: exit
2026-02-21T05:15:50.486839Z  INFO get_files: tailwindcss_oxide::scanner: exit
2026-02-21T05:15:50.486932Z  INFO get_globs: tailwindcss_oxide::scanner: enter
2026-02-21T05:15:50.486946Z  INFO get_globs: tailwindcss_oxide::scanner: exit
2026-02-21T05:15:52.610462Z  INFO discover_sources: tailwindcss_oxide::scanner: enter
2026-02-21T05:15:52.610525Z  INFO discover_sources:walk_parallel: tailwindcss_oxide::scanner: enter
2026-02-21T05:15:52.635089Z  INFO discover_sources:walk_parallel: tailwindcss_oxide::scanner: exit
2026-02-21T05:15:52.637131Z  INFO discover_sources: tailwindcss_oxide::scanner: Reading "G:\\notmine\\demo\\app\\actions.js"
2026-02-21T05:15:52.637181Z  INFO discover_sources: tailwindcss_oxide::scanner: exit
2026-02-21T05:15:52.637199Z  INFO extract_candidates: tailwindcss_oxide::scanner: enter
2026-02-21T05:15:52.637211Z  INFO extract_candidates:parse_all_blobs: tailwindcss_oxide::scanner: enter
2026-02-21T05:15:52.637222Z  INFO extract_candidates:parse_all_blobs:extract: tailwindcss_oxide::scanner: enter
2026-02-21T05:15:52.641345Z  INFO extract_candidates:parse_all_blobs:extract: tailwindcss_oxide::scanner: exit
2026-02-21T05:15:52.641425Z  INFO extract_candidates:parse_all_blobs: tailwindcss_oxide::scanner: exit
2026-02-21T05:15:52.641471Z  INFO extract_candidates: tailwindcss_oxide::scanner: exit
2026-02-21T05:15:52.642086Z  INFO get_files: tailwindcss_oxide::scanner: enter
2026-02-21T05:15:52.642132Z  INFO get_files:discover_sources: tailwindcss_oxide::scanner: enter
2026-02-21T05:15:52.642144Z  INFO get_files:discover_sources: tailwindcss_oxide::scanner: exit
2026-02-21T05:15:52.642248Z  INFO get_files: tailwindcss_oxide::scanner: exit
2026-02-21T05:15:52.642395Z  INFO get_globs: tailwindcss_oxide::scanner: enter
2026-02-21T05:15:52.642423Z  INFO get_globs: tailwindcss_oxide::scanner: exit
2026-02-21T05:17:13.340070Z  INFO discover_sources: tailwindcss_oxide::scanner: enter
2026-02-21T05:17:13.340133Z  INFO discover_sources:walk_parallel: tailwindcss_oxide::scanner: enter
2026-02-21T05:17:13.373273Z  INFO discover_sources:walk_parallel: tailwindcss_oxide::scanner: exit
2026-02-21T05:17:13.376634Z  INFO discover_sources: tailwindcss_oxide::scanner: Reading "G:\\notmine\\demo\\app\\class\\[id]\\ClassroomClient.js"
2026-02-21T05:17:13.376721Z  INFO discover_sources: tailwindcss_oxide::scanner: exit
2026-02-21T05:17:13.376745Z  INFO extract_candidates: tailwindcss_oxide::scanner: enter
2026-02-21T05:17:13.376761Z  INFO extract_candidates:parse_all_blobs: tailwindcss_oxide::scanner: enter
2026-02-21T05:17:13.376775Z  INFO extract_candidates:parse_all_blobs:extract: tailwindcss_oxide::scanner: enter
2026-02-21T05:17:13.380515Z  INFO extract_candidates:parse_all_blobs:extract: tailwindcss_oxide::scanner: exit
2026-02-21T05:17:13.380595Z  INFO extract_candidates:parse_all_blobs: tailwindcss_oxide::scanner: exit
2026-02-21T05:17:13.380692Z  INFO extract_candidates: tailwindcss_oxide::scanner: exit
2026-02-21T05:17:13.381331Z  INFO get_files: tailwindcss_oxide::scanner: enter
2026-02-21T05:17:13.381372Z  INFO get_files:discover_sources: tailwindcss_oxide::scanner: enter
2026-02-21T05:17:13.381387Z  INFO get_files:discover_sources: tailwindcss_oxide::scanner: exit
2026-02-21T05:17:13.381560Z  INFO get_files: tailwindcss_oxide::scanner: exit
2026-02-21T05:17:13.381727Z  INFO get_globs: tailwindcss_oxide::scanner: enter
2026-02-21T05:17:13.381751Z  INFO get_globs: tailwindcss_oxide::scanner: exit
2026-02-21T05:17:42.181271Z  INFO discover_sources: tailwindcss_oxide::scanner: enter
2026-02-21T05:17:42.181321Z  INFO discover_sources:walk_parallel: tailwindcss_oxide::scanner: enter
2026-02-21T05:17:42.187664Z  INFO discover_sources:walk_parallel: tailwindcss_oxide::scanner: exit
2026-02-21T05:17:42.188796Z  INFO discover_sources: tailwindcss_oxide::scanner: Reading "G:\\notmine\\demo\\app\\class\\[id]\\page.js"
2026-02-21T05:17:42.188823Z  INFO discover_sources: tailwindcss_oxide::scanner: exit
2026-02-21T05:17:42.188834Z  INFO extract_candidates: tailwindcss_oxide::scanner: enter
2026-02-21T05:17:42.188841Z  INFO extract_candidates:parse_all_blobs: tailwindcss_oxide::scanner: enter
2026-02-21T05:17:42.188849Z  INFO extract_candidates:parse_all_blobs:extract: tailwindcss_oxide::scanner: enter
2026-02-21T05:17:42.189095Z  INFO extract_candidates:parse_all_blobs:extract: tailwindcss_oxide::scanner: exit
2026-02-21T05:17:42.189121Z  INFO extract_candidates:parse_all_blobs: tailwindcss_oxide::scanner: exit
2026-02-21T05:17:42.189156Z  INFO extract_candidates: tailwindcss_oxide::scanner: exit
2026-02-21T05:17:42.189524Z  INFO get_files: tailwindcss_oxide::scanner: enter
2026-02-21T05:17:42.189578Z  INFO get_files:discover_sources: tailwindcss_oxide::scanner: enter
2026-02-21T05:17:42.189604Z  INFO get_files:discover_sources: tailwindcss_oxide::scanner: exit
2026-02-21T05:17:42.189769Z  INFO get_files: tailwindcss_oxide::scanner: exit
2026-02-21T05:17:42.189864Z  INFO get_globs: tailwindcss_oxide::scanner: enter
2026-02-21T05:17:42.189876Z  INFO get_globs: tailwindcss_oxide::scanner: exit
2026-02-21T05:17:44.192058Z  INFO discover_sources: tailwindcss_oxide::scanner: enter
2026-02-21T05:17:44.192111Z  INFO discover_sources:walk_parallel: tailwindcss_oxide::scanner: enter
2026-02-21T05:17:44.218350Z  INFO discover_sources:walk_parallel: tailwindcss_oxide::scanner: exit
2026-02-21T05:17:44.220146Z  INFO discover_sources: tailwindcss_oxide::scanner: Reading "G:\\notmine\\demo\\app\\actions.js"
2026-02-21T05:17:44.220201Z  INFO discover_sources: tailwindcss_oxide::scanner: exit
2026-02-21T05:17:44.220220Z  INFO extract_candidates: tailwindcss_oxide::scanner: enter
2026-02-21T05:17:44.220231Z  INFO extract_candidates:parse_all_blobs: tailwindcss_oxide::scanner: enter
2026-02-21T05:17:44.220242Z  INFO extract_candidates:parse_all_blobs:extract: tailwindcss_oxide::scanner: enter
2026-02-21T05:17:44.222545Z  INFO extract_candidates:parse_all_blobs:extract: tailwindcss_oxide::scanner: exit
2026-02-21T05:17:44.222621Z  INFO extract_candidates:parse_all_blobs: tailwindcss_oxide::scanner: exit
2026-02-21T05:17:44.222670Z  INFO extract_candidates: tailwindcss_oxide::scanner: exit
2026-02-21T05:17:44.223149Z  INFO get_files: tailwindcss_oxide::scanner: enter
2026-02-21T05:17:44.223182Z  INFO get_files:discover_sources: tailwindcss_oxide::scanner: enter
2026-02-21T05:17:44.223192Z  INFO get_files:discover_sources: tailwindcss_oxide::scanner: exit
2026-02-21T05:17:44.224394Z  INFO get_files: tailwindcss_oxide::scanner: exit
2026-02-21T05:17:44.224584Z  INFO get_globs: tailwindcss_oxide::scanner: enter
2026-02-21T05:17:44.224612Z  INFO get_globs: tailwindcss_oxide::scanner: exit
2026-02-21T05:18:11.089482Z  INFO discover_sources: tailwindcss_oxide::scanner: enter
2026-02-21T05:18:11.089544Z  INFO discover_sources:walk_parallel: tailwindcss_oxide::scanner: enter
2026-02-21T05:18:11.098525Z  INFO discover_sources:walk_parallel: tailwindcss_oxide::scanner: exit
2026-02-21T05:18:11.099546Z  INFO discover_sources: tailwindcss_oxide::scanner: Reading "G:\\notmine\\demo\\app\\class\\[id]\\ClassroomClient.js"
2026-02-21T05:18:11.099583Z  INFO discover_sources: tailwindcss_oxide::scanner: exit
2026-02-21T05:18:11.099593Z  INFO extract_candidates: tailwindcss_oxide::scanner: enter
2026-02-21T05:18:11.099600Z  INFO extract_candidates:parse_all_blobs: tailwindcss_oxide::scanner: enter
2026-02-21T05:18:11.099610Z  INFO extract_candidates:parse_all_blobs:extract: tailwindcss_oxide::scanner: enter
2026-02-21T05:18:11.100136Z  INFO extract_candidates:parse_all_blobs:extract: tailwindcss_oxide::scanner: exit
2026-02-21T05:18:11.100176Z  INFO extract_candidates:parse_all_blobs: tailwindcss_oxide::scanner: exit
2026-02-21T05:18:11.100236Z  INFO extract_candidates: tailwindcss_oxide::scanner: exit
2026-02-21T05:18:11.100609Z  INFO get_files: tailwindcss_oxide::scanner: enter
2026-02-21T05:18:11.100633Z  INFO get_files:discover_sources: tailwindcss_oxide::scanner: enter
2026-02-21T05:18:11.100641Z  INFO get_files:discover_sources: tailwindcss_oxide::scanner: exit
2026-02-21T05:18:11.100717Z  INFO get_files: tailwindcss_oxide::scanner: exit
2026-02-21T05:18:11.100810Z  INFO get_globs: tailwindcss_oxide::scanner: enter
2026-02-21T05:18:11.100825Z  INFO get_globs: tailwindcss_oxide::scanner: exit
2026-02-21T05:18:31.817014Z  INFO discover_sources: tailwindcss_oxide::scanner: enter
2026-02-21T05:18:31.817091Z  INFO discover_sources:walk_parallel: tailwindcss_oxide::scanner: enter
2026-02-21T05:18:31.842079Z  INFO discover_sources:walk_parallel: tailwindcss_oxide::scanner: exit
2026-02-21T05:18:31.849743Z  INFO discover_sources: tailwindcss_oxide::scanner: Reading "G:\\notmine\\demo\\app\\class\\[id]\\ClassroomClient.js"
2026-02-21T05:18:31.849856Z  INFO discover_sources: tailwindcss_oxide::scanner: exit
2026-02-21T05:18:31.849901Z  INFO extract_candidates: tailwindcss_oxide::scanner: enter
2026-02-21T05:18:31.849931Z  INFO extract_candidates:parse_all_blobs: tailwindcss_oxide::scanner: enter
2026-02-21T05:18:31.849960Z  INFO extract_candidates:parse_all_blobs:extract: tailwindcss_oxide::scanner: enter
2026-02-21T05:18:31.853571Z  INFO extract_candidates:parse_all_blobs:extract: tailwindcss_oxide::scanner: exit
2026-02-21T05:18:31.853696Z  INFO extract_candidates:parse_all_blobs: tailwindcss_oxide::scanner: exit
2026-02-21T05:18:31.853846Z  INFO extract_candidates: tailwindcss_oxide::scanner: exit
2026-02-21T05:18:31.854645Z  INFO get_files: tailwindcss_oxide::scanner: enter
2026-02-21T05:18:31.854699Z  INFO get_files:discover_sources: tailwindcss_oxide::scanner: enter
2026-02-21T05:18:31.854716Z  INFO get_files:discover_sources: tailwindcss_oxide::scanner: exit
2026-02-21T05:18:31.857925Z  INFO get_files: tailwindcss_oxide::scanner: exit
2026-02-21T05:18:31.858242Z  INFO get_globs: tailwindcss_oxide::scanner: enter
2026-02-21T05:18:31.858290Z  INFO get_globs: tailwindcss_oxide::scanner: exit
2026-02-21T05:19:00.306172Z  INFO discover_sources: tailwindcss_oxide::scanner: enter
2026-02-21T05:19:00.306227Z  INFO discover_sources:walk_parallel: tailwindcss_oxide::scanner: enter
2026-02-21T05:19:00.314909Z  INFO discover_sources:walk_parallel: tailwindcss_oxide::scanner: exit
2026-02-21T05:19:00.316644Z  INFO discover_sources: tailwindcss_oxide::scanner: Reading "G:\\notmine\\demo\\app\\class\\[id]\\ClassroomClient.js"
2026-02-21T05:19:00.316772Z  INFO discover_sources: tailwindcss_oxide::scanner: exit
2026-02-21T05:19:00.316808Z  INFO extract_candidates: tailwindcss_oxide::scanner: enter
2026-02-21T05:19:00.316820Z  INFO extract_candidates:parse_all_blobs: tailwindcss_oxide::scanner: enter
2026-02-21T05:19:00.316829Z  INFO extract_candidates:parse_all_blobs:extract: tailwindcss_oxide::scanner: enter
2026-02-21T05:19:00.317641Z  INFO extract_candidates:parse_all_blobs:extract: tailwindcss_oxide::scanner: exit
2026-02-21T05:19:00.317685Z  INFO extract_candidates:parse_all_blobs: tailwindcss_oxide::scanner: exit
2026-02-21T05:19:00.317748Z  INFO extract_candidates: tailwindcss_oxide::scanner: exit
2026-02-21T05:19:00.318177Z  INFO get_files: tailwindcss_oxide::scanner: enter
2026-02-21T05:19:00.318203Z  INFO get_files:discover_sources: tailwindcss_oxide::scanner: enter
2026-02-21T05:19:00.318212Z  INFO get_files:discover_sources: tailwindcss_oxide::scanner: exit
2026-02-21T05:19:00.318373Z  INFO get_files: tailwindcss_oxide::scanner: exit
2026-02-21T05:19:00.318605Z  INFO get_globs: tailwindcss_oxide::scanner: enter
2026-02-21T05:19:00.318695Z  INFO get_globs: tailwindcss_oxide::scanner: exit
2026-02-21T05:20:42.769496Z  INFO discover_sources: tailwindcss_oxide::scanner: enter
2026-02-21T05:20:42.769545Z  INFO discover_sources:walk_parallel: tailwindcss_oxide::scanner: enter
2026-02-21T05:20:42.777829Z  INFO discover_sources:walk_parallel: tailwindcss_oxide::scanner: exit
2026-02-21T05:20:42.778932Z  INFO discover_sources: tailwindcss_oxide::scanner: Reading "G:\\notmine\\demo\\app\\class\\[id]\\page.js"
2026-02-21T05:20:42.778966Z  INFO discover_sources: tailwindcss_oxide::scanner: exit
2026-02-21T05:20:42.778980Z  INFO extract_candidates: tailwindcss_oxide::scanner: enter
2026-02-21T05:20:42.778988Z  INFO extract_candidates:parse_all_blobs: tailwindcss_oxide::scanner: enter
2026-02-21T05:20:42.778995Z  INFO extract_candidates:parse_all_blobs:extract: tailwindcss_oxide::scanner: enter
2026-02-21T05:20:42.779236Z  INFO extract_candidates:parse_all_blobs:extract: tailwindcss_oxide::scanner: exit
2026-02-21T05:20:42.779269Z  INFO extract_candidates:parse_all_blobs: tailwindcss_oxide::scanner: exit
2026-02-21T05:20:42.779299Z  INFO extract_candidates: tailwindcss_oxide::scanner: exit
2026-02-21T05:20:42.779651Z  INFO get_files: tailwindcss_oxide::scanner: enter
2026-02-21T05:20:42.779662Z  INFO get_files:discover_sources: tailwindcss_oxide::scanner: enter
2026-02-21T05:20:42.779669Z  INFO get_files:discover_sources: tailwindcss_oxide::scanner: exit
2026-02-21T05:20:42.779817Z  INFO get_files: tailwindcss_oxide::scanner: exit
2026-02-21T05:20:42.779915Z  INFO get_globs: tailwindcss_oxide::scanner: enter
2026-02-21T05:20:42.779932Z  INFO get_globs: tailwindcss_oxide::scanner: exit
2026-02-21T05:31:17.097575Z  INFO discover_sources: tailwindcss_oxide::scanner: enter
2026-02-21T05:31:17.097702Z  INFO discover_sources:walk_parallel: tailwindcss_oxide::scanner: enter
2026-02-21T05:31:17.113450Z  INFO discover_sources:walk_parallel: tailwindcss_oxide::scanner: exit
2026-02-21T05:31:17.116605Z  INFO discover_sources: tailwindcss_oxide::scanner: Reading "G:\\notmine\\demo\\app\\DashboardClient.js"
2026-02-21T05:31:17.116667Z  INFO discover_sources: tailwindcss_oxide::scanner: exit
2026-02-21T05:31:17.116685Z  INFO extract_candidates: tailwindcss_oxide::scanner: enter
2026-02-21T05:31:17.116697Z  INFO extract_candidates:parse_all_blobs: tailwindcss_oxide::scanner: enter
2026-02-21T05:31:17.116706Z  INFO extract_candidates:parse_all_blobs:extract: tailwindcss_oxide::scanner: enter
2026-02-21T05:31:17.117296Z  INFO extract_candidates:parse_all_blobs:extract: tailwindcss_oxide::scanner: exit
2026-02-21T05:31:17.117373Z  INFO extract_candidates:parse_all_blobs: tailwindcss_oxide::scanner: exit
2026-02-21T05:31:17.117456Z  INFO extract_candidates: tailwindcss_oxide::scanner: exit
2026-02-21T05:31:17.117961Z  INFO get_files: tailwindcss_oxide::scanner: enter
2026-02-21T05:31:17.117988Z  INFO get_files:discover_sources: tailwindcss_oxide::scanner: enter
2026-02-21T05:31:17.117996Z  INFO get_files:discover_sources: tailwindcss_oxide::scanner: exit
2026-02-21T05:31:17.118201Z  INFO get_files: tailwindcss_oxide::scanner: exit
2026-02-21T05:31:17.118331Z  INFO get_globs: tailwindcss_oxide::scanner: enter
2026-02-21T05:31:17.118351Z  INFO get_globs: tailwindcss_oxide::scanner: exit
2026-02-21T05:31:52.692965Z  INFO discover_sources: tailwindcss_oxide::scanner: enter
2026-02-21T05:31:52.692998Z  INFO discover_sources:walk_parallel: tailwindcss_oxide::scanner: enter
2026-02-21T05:31:52.703573Z  INFO discover_sources:walk_parallel: tailwindcss_oxide::scanner: exit
2026-02-21T05:31:52.704940Z  INFO discover_sources: tailwindcss_oxide::scanner: Reading "G:\\notmine\\demo\\app\\DashboardClient.js"
2026-02-21T05:31:52.704980Z  INFO discover_sources: tailwindcss_oxide::scanner: exit
2026-02-21T05:31:52.704996Z  INFO extract_candidates: tailwindcss_oxide::scanner: enter
2026-02-21T05:31:52.705004Z  INFO extract_candidates:parse_all_blobs: tailwindcss_oxide::scanner: enter
2026-02-21T05:31:52.705019Z  INFO extract_candidates:parse_all_blobs:extract: tailwindcss_oxide::scanner: enter
2026-02-21T05:31:52.705971Z  INFO extract_candidates:parse_all_blobs:extract: tailwindcss_oxide::scanner: exit
2026-02-21T05:31:52.706017Z  INFO extract_candidates:parse_all_blobs: tailwindcss_oxide::scanner: exit
2026-02-21T05:31:52.706068Z  INFO extract_candidates: tailwindcss_oxide::scanner: exit
2026-02-21T05:31:52.706496Z  INFO get_files: tailwindcss_oxide::scanner: enter
2026-02-21T05:31:52.706522Z  INFO get_files:discover_sources: tailwindcss_oxide::scanner: enter
2026-02-21T05:31:52.706528Z  INFO get_files:discover_sources: tailwindcss_oxide::scanner: exit
2026-02-21T05:31:52.706710Z  INFO get_files: tailwindcss_oxide::scanner: exit
2026-02-21T05:31:52.706815Z  INFO get_globs: tailwindcss_oxide::scanner: enter
2026-02-21T05:31:52.706826Z  INFO get_globs: tailwindcss_oxide::scanner: exit
2026-02-21T05:31:53.928585Z  INFO discover_sources: tailwindcss_oxide::scanner: enter
2026-02-21T05:31:53.928615Z  INFO discover_sources:walk_parallel: tailwindcss_oxide::scanner: enter
2026-02-21T05:31:53.933717Z  INFO discover_sources:walk_parallel: tailwindcss_oxide::scanner: exit
2026-02-21T05:31:53.934170Z  INFO discover_sources: tailwindcss_oxide::scanner: Reading "G:\\notmine\\demo\\app\\class\\[id]\\page.js"
2026-02-21T05:31:53.934182Z  INFO discover_sources: tailwindcss_oxide::scanner: exit
2026-02-21T05:31:53.934187Z  INFO extract_candidates: tailwindcss_oxide::scanner: enter
2026-02-21T05:31:53.934190Z  INFO extract_candidates:parse_all_blobs: tailwindcss_oxide::scanner: enter
2026-02-21T05:31:53.934193Z  INFO extract_candidates:parse_all_blobs:extract: tailwindcss_oxide::scanner: enter
2026-02-21T05:31:53.934413Z  INFO extract_candidates:parse_all_blobs:extract: tailwindcss_oxide::scanner: exit
2026-02-21T05:31:53.934418Z  INFO extract_candidates:parse_all_blobs: tailwindcss_oxide::scanner: exit
2026-02-21T05:31:53.934437Z  INFO extract_candidates: tailwindcss_oxide::scanner: exit
2026-02-21T05:31:53.934689Z  INFO get_files: tailwindcss_oxide::scanner: enter
2026-02-21T05:31:53.934694Z  INFO get_files:discover_sources: tailwindcss_oxide::scanner: enter
2026-02-21T05:31:53.934696Z  INFO get_files:discover_sources: tailwindcss_oxide::scanner: exit
2026-02-21T05:31:53.934759Z  INFO get_files: tailwindcss_oxide::scanner: exit
2026-02-21T05:31:53.934795Z  INFO get_globs: tailwindcss_oxide::scanner: enter
2026-02-21T05:31:53.934800Z  INFO get_globs: tailwindcss_oxide::scanner: exit
2026-02-21T05:32:25.830562Z  INFO discover_sources: tailwindcss_oxide::scanner: enter
2026-02-21T05:32:25.830625Z  INFO discover_sources:walk_parallel: tailwindcss_oxide::scanner: enter
2026-02-21T05:32:25.837335Z  INFO discover_sources:walk_parallel: tailwindcss_oxide::scanner: exit
2026-02-21T05:32:25.837968Z  INFO discover_sources: tailwindcss_oxide::scanner: Reading "G:\\notmine\\demo\\app\\class\\[id]\\ClassroomClient.js"
2026-02-21T05:32:25.837984Z  INFO discover_sources: tailwindcss_oxide::scanner: exit
2026-02-21T05:32:25.837989Z  INFO extract_candidates: tailwindcss_oxide::scanner: enter
2026-02-21T05:32:25.837992Z  INFO extract_candidates:parse_all_blobs: tailwindcss_oxide::scanner: enter
2026-02-21T05:32:25.837996Z  INFO extract_candidates:parse_all_blobs:extract: tailwindcss_oxide::scanner: enter
2026-02-21T05:32:25.838438Z  INFO extract_candidates:parse_all_blobs:extract: tailwindcss_oxide::scanner: exit
2026-02-21T05:32:25.838457Z  INFO extract_candidates:parse_all_blobs: tailwindcss_oxide::scanner: exit
2026-02-21T05:32:25.838515Z  INFO extract_candidates: tailwindcss_oxide::scanner: exit
2026-02-21T05:32:25.838900Z  INFO get_files: tailwindcss_oxide::scanner: enter
2026-02-21T05:32:25.838908Z  INFO get_files:discover_sources: tailwindcss_oxide::scanner: enter
2026-02-21T05:32:25.838911Z  INFO get_files:discover_sources: tailwindcss_oxide::scanner: exit
2026-02-21T05:32:25.839092Z  INFO get_files: tailwindcss_oxide::scanner: exit
2026-02-21T05:32:25.839167Z  INFO get_globs: tailwindcss_oxide::scanner: enter
2026-02-21T05:32:25.839176Z  INFO get_globs: tailwindcss_oxide::scanner: exit
2026-02-21T05:32:45.584554Z  INFO discover_sources: tailwindcss_oxide::scanner: enter
2026-02-21T05:32:45.584603Z  INFO discover_sources:walk_parallel: tailwindcss_oxide::scanner: enter
2026-02-21T05:32:45.625799Z  INFO discover_sources:walk_parallel: tailwindcss_oxide::scanner: exit
2026-02-21T05:32:45.627582Z  INFO discover_sources: tailwindcss_oxide::scanner: Reading "G:\\notmine\\demo\\app\\class\\[id]\\ClassroomClient.js"
2026-02-21T05:32:45.627649Z  INFO discover_sources: tailwindcss_oxide::scanner: exit
2026-02-21T05:32:45.627671Z  INFO extract_candidates: tailwindcss_oxide::scanner: enter
2026-02-21T05:32:45.627680Z  INFO extract_candidates:parse_all_blobs: tailwindcss_oxide::scanner: enter
2026-02-21T05:32:45.627687Z  INFO extract_candidates:parse_all_blobs:extract: tailwindcss_oxide::scanner: enter
2026-02-21T05:32:45.631054Z  INFO extract_candidates:parse_all_blobs:extract: tailwindcss_oxide::scanner: exit
2026-02-21T05:32:45.631115Z  INFO extract_candidates:parse_all_blobs: tailwindcss_oxide::scanner: exit
2026-02-21T05:32:45.631184Z  INFO extract_candidates: tailwindcss_oxide::scanner: exit
2026-02-21T05:32:45.631821Z  INFO get_files: tailwindcss_oxide::scanner: enter
2026-02-21T05:32:45.631847Z  INFO get_files:discover_sources: tailwindcss_oxide::scanner: enter
2026-02-21T05:32:45.631855Z  INFO get_files:discover_sources: tailwindcss_oxide::scanner: exit
2026-02-21T05:32:45.634020Z  INFO get_files: tailwindcss_oxide::scanner: exit
2026-02-21T05:32:45.634233Z  INFO get_globs: tailwindcss_oxide::scanner: enter
2026-02-21T05:32:45.634268Z  INFO get_globs: tailwindcss_oxide::scanner: exit
2026-02-21T05:34:58.757501Z  INFO discover_sources: tailwindcss_oxide::scanner: enter
2026-02-21T05:34:58.757555Z  INFO discover_sources:walk_parallel: tailwindcss_oxide::scanner: enter
2026-02-21T05:34:58.764962Z  INFO discover_sources:walk_parallel: tailwindcss_oxide::scanner: exit
2026-02-21T05:34:58.766650Z  INFO discover_sources: tailwindcss_oxide::scanner: Reading "G:\\notmine\\demo\\app\\class\\[id]\\ClassroomClient.js"
2026-02-21T05:34:58.766698Z  INFO discover_sources: tailwindcss_oxide::scanner: exit
2026-02-21T05:34:58.766717Z  INFO extract_candidates: tailwindcss_oxide::scanner: enter
2026-02-21T05:34:58.766726Z  INFO extract_candidates:parse_all_blobs: tailwindcss_oxide::scanner: enter
2026-02-21T05:34:58.766736Z  INFO extract_candidates:parse_all_blobs:extract: tailwindcss_oxide::scanner: enter
2026-02-21T05:34:58.768280Z  INFO extract_candidates:parse_all_blobs:extract: tailwindcss_oxide::scanner: exit
2026-02-21T05:34:58.768335Z  INFO extract_candidates:parse_all_blobs: tailwindcss_oxide::scanner: exit
2026-02-21T05:34:58.768403Z  INFO extract_candidates: tailwindcss_oxide::scanner: exit
2026-02-21T05:34:58.768968Z  INFO get_files: tailwindcss_oxide::scanner: enter
2026-02-21T05:34:58.768993Z  INFO get_files:discover_sources: tailwindcss_oxide::scanner: enter
2026-02-21T05:34:58.769000Z  INFO get_files:discover_sources: tailwindcss_oxide::scanner: exit
2026-02-21T05:34:58.769080Z  INFO get_files: tailwindcss_oxide::scanner: exit
2026-02-21T05:34:58.769178Z  INFO get_globs: tailwindcss_oxide::scanner: enter
2026-02-21T05:34:58.769189Z  INFO get_globs: tailwindcss_oxide::scanner: exit
2026-02-21T05:38:01.074161Z  INFO discover_sources: tailwindcss_oxide::scanner: enter
2026-02-21T05:38:01.074204Z  INFO discover_sources:walk_parallel: tailwindcss_oxide::scanner: enter
2026-02-21T05:38:01.082607Z  INFO discover_sources:walk_parallel: tailwindcss_oxide::scanner: exit
2026-02-21T05:38:01.083681Z  INFO discover_sources: tailwindcss_oxide::scanner: Reading "G:\\notmine\\demo\\app\\components\\Sidebar.js"
2026-02-21T05:38:01.083714Z  INFO discover_sources: tailwindcss_oxide::scanner: exit
2026-02-21T05:38:01.083726Z  INFO extract_candidates: tailwindcss_oxide::scanner: enter
2026-02-21T05:38:01.083733Z  INFO extract_candidates:parse_all_blobs: tailwindcss_oxide::scanner: enter
2026-02-21T05:38:01.083740Z  INFO extract_candidates:parse_all_blobs:extract: tailwindcss_oxide::scanner: enter
2026-02-21T05:38:01.088542Z  INFO extract_candidates:parse_all_blobs:extract: tailwindcss_oxide::scanner: exit
2026-02-21T05:38:01.088611Z  INFO extract_candidates:parse_all_blobs: tailwindcss_oxide::scanner: exit
2026-02-21T05:38:01.088666Z  INFO extract_candidates: tailwindcss_oxide::scanner: exit
2026-02-21T05:38:01.089127Z  INFO get_files: tailwindcss_oxide::scanner: enter
2026-02-21T05:38:01.089165Z  INFO get_files:discover_sources: tailwindcss_oxide::scanner: enter
2026-02-21T05:38:01.089178Z  INFO get_files:discover_sources: tailwindcss_oxide::scanner: exit
2026-02-21T05:38:01.089342Z  INFO get_files: tailwindcss_oxide::scanner: exit
2026-02-21T05:38:01.089462Z  INFO get_globs: tailwindcss_oxide::scanner: enter
2026-02-21T05:38:01.089481Z  INFO get_globs: tailwindcss_oxide::scanner: exit
2026-02-21T05:41:09.952353Z  INFO discover_sources: tailwindcss_oxide::scanner: enter
2026-02-21T05:41:09.952398Z  INFO discover_sources:walk_parallel: tailwindcss_oxide::scanner: enter
2026-02-21T05:41:09.961112Z  INFO discover_sources:walk_parallel: tailwindcss_oxide::scanner: exit
2026-02-21T05:41:09.962362Z  INFO discover_sources: tailwindcss_oxide::scanner: Reading "G:\\notmine\\demo\\app\\components\\Sidebar.js"
2026-02-21T05:41:09.962387Z  INFO discover_sources: tailwindcss_oxide::scanner: exit
2026-02-21T05:41:09.962395Z  INFO extract_candidates: tailwindcss_oxide::scanner: enter
2026-02-21T05:41:09.962399Z  INFO extract_candidates:parse_all_blobs: tailwindcss_oxide::scanner: enter
2026-02-21T05:41:09.962404Z  INFO extract_candidates:parse_all_blobs:extract: tailwindcss_oxide::scanner: enter
2026-02-21T05:41:09.962625Z  INFO extract_candidates:parse_all_blobs:extract: tailwindcss_oxide::scanner: exit
2026-02-21T05:41:09.962636Z  INFO extract_candidates:parse_all_blobs: tailwindcss_oxide::scanner: exit
2026-02-21T05:41:09.962676Z  INFO extract_candidates: tailwindcss_oxide::scanner: exit
2026-02-21T05:41:09.963062Z  INFO get_files: tailwindcss_oxide::scanner: enter
2026-02-21T05:41:09.963069Z  INFO get_files:discover_sources: tailwindcss_oxide::scanner: enter
2026-02-21T05:41:09.963073Z  INFO get_files:discover_sources: tailwindcss_oxide::scanner: exit
2026-02-21T05:41:09.963197Z  INFO get_files: tailwindcss_oxide::scanner: exit
2026-02-21T05:41:09.963277Z  INFO get_globs: tailwindcss_oxide::scanner: enter
2026-02-21T05:41:09.963284Z  INFO get_globs: tailwindcss_oxide::scanner: exit
2026-02-21T05:41:24.489590Z  INFO discover_sources: tailwindcss_oxide::scanner: enter
2026-02-21T05:41:24.489633Z  INFO discover_sources:walk_parallel: tailwindcss_oxide::scanner: enter
2026-02-21T05:41:24.495579Z  INFO discover_sources:walk_parallel: tailwindcss_oxide::scanner: exit
2026-02-21T05:41:24.496495Z  INFO discover_sources: tailwindcss_oxide::scanner: Reading "G:\\notmine\\demo\\app\\layout.js"
2026-02-21T05:41:24.496515Z  INFO discover_sources: tailwindcss_oxide::scanner: exit
2026-02-21T05:41:24.496524Z  INFO extract_candidates: tailwindcss_oxide::scanner: enter
2026-02-21T05:41:24.496529Z  INFO extract_candidates:parse_all_blobs: tailwindcss_oxide::scanner: enter
2026-02-21T05:41:24.496535Z  INFO extract_candidates:parse_all_blobs:extract: tailwindcss_oxide::scanner: enter
2026-02-21T05:41:24.496859Z  INFO extract_candidates:parse_all_blobs:extract: tailwindcss_oxide::scanner: exit
2026-02-21T05:41:24.496888Z  INFO extract_candidates:parse_all_blobs: tailwindcss_oxide::scanner: exit
2026-02-21T05:41:24.496913Z  INFO extract_candidates: tailwindcss_oxide::scanner: exit
2026-02-21T05:41:24.497253Z  INFO get_files: tailwindcss_oxide::scanner: enter
2026-02-21T05:41:24.497261Z  INFO get_files:discover_sources: tailwindcss_oxide::scanner: enter
2026-02-21T05:41:24.497266Z  INFO get_files:discover_sources: tailwindcss_oxide::scanner: exit
2026-02-21T05:41:24.497339Z  INFO get_files: tailwindcss_oxide::scanner: exit
2026-02-21T05:41:24.497396Z  INFO get_globs: tailwindcss_oxide::scanner: enter
2026-02-21T05:41:24.497404Z  INFO get_globs: tailwindcss_oxide::scanner: exit
2026-02-21T05:44:13.420138Z  INFO discover_sources: tailwindcss_oxide::scanner: enter
2026-02-21T05:44:13.420187Z  INFO discover_sources:walk_parallel: tailwindcss_oxide::scanner: enter
2026-02-21T05:44:13.439669Z  INFO discover_sources:walk_parallel: tailwindcss_oxide::scanner: exit
2026-02-21T05:44:13.440755Z  INFO discover_sources: tailwindcss_oxide::scanner: Reading "G:\\notmine\\demo\\app\\components\\Sidebar.js"
2026-02-21T05:44:13.440790Z  INFO discover_sources: tailwindcss_oxide::scanner: exit
2026-02-21T05:44:13.440813Z  INFO extract_candidates: tailwindcss_oxide::scanner: enter
2026-02-21T05:44:13.440826Z  INFO extract_candidates:parse_all_blobs: tailwindcss_oxide::scanner: enter
2026-02-21T05:44:13.440834Z  INFO extract_candidates:parse_all_blobs:extract: tailwindcss_oxide::scanner: enter
2026-02-21T05:44:13.442012Z  INFO extract_candidates:parse_all_blobs:extract: tailwindcss_oxide::scanner: exit
2026-02-21T05:44:13.442062Z  INFO extract_candidates:parse_all_blobs: tailwindcss_oxide::scanner: exit
2026-02-21T05:44:13.442103Z  INFO extract_candidates: tailwindcss_oxide::scanner: exit
2026-02-21T05:44:13.442504Z  INFO get_files: tailwindcss_oxide::scanner: enter
2026-02-21T05:44:13.442528Z  INFO get_files:discover_sources: tailwindcss_oxide::scanner: enter
2026-02-21T05:44:13.442535Z  INFO get_files:discover_sources: tailwindcss_oxide::scanner: exit
2026-02-21T05:44:13.442600Z  INFO get_files: tailwindcss_oxide::scanner: exit
2026-02-21T05:44:13.442664Z  INFO get_globs: tailwindcss_oxide::scanner: enter
2026-02-21T05:44:13.442674Z  INFO get_globs: tailwindcss_oxide::scanner: exit
2026-02-21T05:58:32.788336Z  INFO discover_sources: tailwindcss_oxide::scanner: enter
2026-02-21T05:58:32.788400Z  INFO discover_sources:walk_parallel: tailwindcss_oxide::scanner: enter
2026-02-21T05:58:32.795272Z  INFO discover_sources:walk_parallel: tailwindcss_oxide::scanner: exit
2026-02-21T05:58:32.795796Z  INFO discover_sources: tailwindcss_oxide::scanner: Reading "G:\\notmine\\demo\\app\\components\\Sidebar.js"
2026-02-21T05:58:32.795809Z  INFO discover_sources: tailwindcss_oxide::scanner: exit
2026-02-21T05:58:32.795813Z  INFO extract_candidates: tailwindcss_oxide::scanner: enter
2026-02-21T05:58:32.795816Z  INFO extract_candidates:parse_all_blobs: tailwindcss_oxide::scanner: enter
2026-02-21T05:58:32.795819Z  INFO extract_candidates:parse_all_blobs:extract: tailwindcss_oxide::scanner: enter
2026-02-21T05:58:32.796093Z  INFO extract_candidates:parse_all_blobs:extract: tailwindcss_oxide::scanner: exit
2026-02-21T05:58:32.796107Z  INFO extract_candidates:parse_all_blobs: tailwindcss_oxide::scanner: exit
2026-02-21T05:58:32.796133Z  INFO extract_candidates: tailwindcss_oxide::scanner: exit
2026-02-21T05:58:32.796371Z  INFO get_files: tailwindcss_oxide::scanner: enter
2026-02-21T05:58:32.796375Z  INFO get_files:discover_sources: tailwindcss_oxide::scanner: enter
2026-02-21T05:58:32.796377Z  INFO get_files:discover_sources: tailwindcss_oxide::scanner: exit
2026-02-21T05:58:32.796481Z  INFO get_files: tailwindcss_oxide::scanner: exit
2026-02-21T05:58:32.796533Z  INFO get_globs: tailwindcss_oxide::scanner: enter
2026-02-21T05:58:32.796538Z  INFO get_globs: tailwindcss_oxide::scanner: exit
2026-02-21T05:58:37.134670Z  INFO discover_sources: tailwindcss_oxide::scanner: enter
2026-02-21T05:58:37.134711Z  INFO discover_sources:walk_parallel: tailwindcss_oxide::scanner: enter
2026-02-21T05:58:37.143873Z  INFO discover_sources:walk_parallel: tailwindcss_oxide::scanner: exit
2026-02-21T05:58:37.144319Z  INFO discover_sources: tailwindcss_oxide::scanner: Reading "G:\\notmine\\demo\\app\\components\\Sidebar.js"
2026-02-21T05:58:37.144328Z  INFO discover_sources: tailwindcss_oxide::scanner: exit
2026-02-21T05:58:37.144345Z  INFO extract_candidates: tailwindcss_oxide::scanner: enter
2026-02-21T05:58:37.144348Z  INFO extract_candidates:parse_all_blobs: tailwindcss_oxide::scanner: enter
2026-02-21T05:58:37.144351Z  INFO extract_candidates:parse_all_blobs:extract: tailwindcss_oxide::scanner: enter
2026-02-21T05:58:37.144621Z  INFO extract_candidates:parse_all_blobs:extract: tailwindcss_oxide::scanner: exit
2026-02-21T05:58:37.144640Z  INFO extract_candidates:parse_all_blobs: tailwindcss_oxide::scanner: exit
2026-02-21T05:58:37.144665Z  INFO extract_candidates: tailwindcss_oxide::scanner: exit
2026-02-21T05:58:37.144963Z  INFO get_files: tailwindcss_oxide::scanner: enter
2026-02-21T05:58:37.144968Z  INFO get_files:discover_sources: tailwindcss_oxide::scanner: enter
2026-02-21T05:58:37.144970Z  INFO get_files:discover_sources: tailwindcss_oxide::scanner: exit
2026-02-21T05:58:37.145161Z  INFO get_files: tailwindcss_oxide::scanner: exit
2026-02-21T05:58:37.145227Z  INFO get_globs: tailwindcss_oxide::scanner: enter
2026-02-21T05:58:37.145233Z  INFO get_globs: tailwindcss_oxide::scanner: exit
2026-02-21T05:58:40.129833Z  INFO discover_sources: tailwindcss_oxide::scanner: enter
2026-02-21T05:58:40.129881Z  INFO discover_sources:walk_parallel: tailwindcss_oxide::scanner: enter
2026-02-21T05:58:40.157727Z  INFO discover_sources:walk_parallel: tailwindcss_oxide::scanner: exit
2026-02-21T05:58:40.159139Z  INFO discover_sources: tailwindcss_oxide::scanner: Reading "G:\\notmine\\demo\\app\\components\\Sidebar.js"
2026-02-21T05:58:40.159175Z  INFO discover_sources: tailwindcss_oxide::scanner: exit
2026-02-21T05:58:40.159189Z  INFO extract_candidates: tailwindcss_oxide::scanner: enter
2026-02-21T05:58:40.159198Z  INFO extract_candidates:parse_all_blobs: tailwindcss_oxide::scanner: enter
2026-02-21T05:58:40.159205Z  INFO extract_candidates:parse_all_blobs:extract: tailwindcss_oxide::scanner: enter
2026-02-21T05:58:40.159982Z  INFO extract_candidates:parse_all_blobs:extract: tailwindcss_oxide::scanner: exit
2026-02-21T05:58:40.160024Z  INFO extract_candidates:parse_all_blobs: tailwindcss_oxide::scanner: exit
2026-02-21T05:58:40.160063Z  INFO extract_candidates: tailwindcss_oxide::scanner: exit
2026-02-21T05:58:40.160653Z  INFO get_files: tailwindcss_oxide::scanner: enter
2026-02-21T05:58:40.160671Z  INFO get_files:discover_sources: tailwindcss_oxide::scanner: enter
2026-02-21T05:58:40.160677Z  INFO get_files:discover_sources: tailwindcss_oxide::scanner: exit
2026-02-21T05:58:40.161534Z  INFO get_files: tailwindcss_oxide::scanner: exit
2026-02-21T05:58:40.161663Z  INFO get_globs: tailwindcss_oxide::scanner: enter
2026-02-21T05:58:40.161675Z  INFO get_globs: tailwindcss_oxide::scanner: exit
2026-02-21T05:58:44.634259Z  INFO discover_sources: tailwindcss_oxide::scanner: enter
2026-02-21T05:58:44.634320Z  INFO discover_sources:walk_parallel: tailwindcss_oxide::scanner: enter
2026-02-21T05:58:44.638945Z  INFO discover_sources:walk_parallel: tailwindcss_oxide::scanner: exit
2026-02-21T05:58:44.639806Z  INFO discover_sources: tailwindcss_oxide::scanner: Reading "G:\\notmine\\demo\\seed.js"
2026-02-21T05:58:44.639839Z  INFO discover_sources: tailwindcss_oxide::scanner: exit
2026-02-21T05:58:44.639845Z  INFO extract_candidates: tailwindcss_oxide::scanner: enter
2026-02-21T05:58:44.639848Z  INFO extract_candidates:parse_all_blobs: tailwindcss_oxide::scanner: enter
2026-02-21T05:58:44.639852Z  INFO extract_candidates:parse_all_blobs:extract: tailwindcss_oxide::scanner: enter
2026-02-21T05:58:44.640014Z  INFO extract_candidates:parse_all_blobs:extract: tailwindcss_oxide::scanner: exit
2026-02-21T05:58:44.640021Z  INFO extract_candidates:parse_all_blobs: tailwindcss_oxide::scanner: exit
2026-02-21T05:58:44.640044Z  INFO extract_candidates: tailwindcss_oxide::scanner: exit
2026-02-21T05:58:44.640404Z  INFO get_files: tailwindcss_oxide::scanner: enter
2026-02-21T05:58:44.640411Z  INFO get_files:discover_sources: tailwindcss_oxide::scanner: enter
2026-02-21T05:58:44.640414Z  INFO get_files:discover_sources: tailwindcss_oxide::scanner: exit
2026-02-21T05:58:44.640494Z  INFO get_files: tailwindcss_oxide::scanner: exit
2026-02-21T05:58:44.640552Z  INFO get_globs: tailwindcss_oxide::scanner: enter
2026-02-21T05:58:44.640559Z  INFO get_globs: tailwindcss_oxide::scanner: exit
2026-02-21T05:58:48.522192Z  INFO discover_sources: tailwindcss_oxide::scanner: enter
2026-02-21T05:58:48.522228Z  INFO discover_sources:walk_parallel: tailwindcss_oxide::scanner: enter
2026-02-21T05:58:48.528396Z  INFO discover_sources:walk_parallel: tailwindcss_oxide::scanner: exit
2026-02-21T05:58:48.529235Z  INFO discover_sources: tailwindcss_oxide::scanner: Reading "G:\\notmine\\demo\\app\\components\\Sidebar.js"
2026-02-21T05:58:48.529263Z  INFO discover_sources: tailwindcss_oxide::scanner: exit
2026-02-21T05:58:48.529271Z  INFO extract_candidates: tailwindcss_oxide::scanner: enter
2026-02-21T05:58:48.529341Z  INFO extract_candidates:parse_all_blobs: tailwindcss_oxide::scanner: enter
2026-02-21T05:58:48.529350Z  INFO extract_candidates:parse_all_blobs:extract: tailwindcss_oxide::scanner: enter
2026-02-21T05:58:48.529541Z  INFO extract_candidates:parse_all_blobs:extract: tailwindcss_oxide::scanner: exit
2026-02-21T05:58:48.529548Z  INFO extract_candidates:parse_all_blobs: tailwindcss_oxide::scanner: exit
2026-02-21T05:58:48.529574Z  INFO extract_candidates: tailwindcss_oxide::scanner: exit
2026-02-21T05:58:48.529906Z  INFO get_files: tailwindcss_oxide::scanner: enter
2026-02-21T05:58:48.529926Z  INFO get_files:discover_sources: tailwindcss_oxide::scanner: enter
2026-02-21T05:58:48.529930Z  INFO get_files:discover_sources: tailwindcss_oxide::scanner: exit
2026-02-21T05:58:48.530109Z  INFO get_files: tailwindcss_oxide::scanner: exit
2026-02-21T05:58:48.530203Z  INFO get_globs: tailwindcss_oxide::scanner: enter
2026-02-21T05:58:48.530215Z  INFO get_globs: tailwindcss_oxide::scanner: exit
2026-02-21T05:58:51.971546Z  INFO discover_sources: tailwindcss_oxide::scanner: enter
2026-02-21T05:58:51.971573Z  INFO discover_sources:walk_parallel: tailwindcss_oxide::scanner: enter
2026-02-21T05:58:51.976705Z  INFO discover_sources:walk_parallel: tailwindcss_oxide::scanner: exit
2026-02-21T05:58:51.977229Z  INFO discover_sources: tailwindcss_oxide::scanner: Reading "G:\\notmine\\demo\\app\\components\\Sidebar.js"
2026-02-21T05:58:51.977246Z  INFO discover_sources: tailwindcss_oxide::scanner: exit
2026-02-21T05:58:51.977251Z  INFO extract_candidates: tailwindcss_oxide::scanner: enter
2026-02-21T05:58:51.977254Z  INFO extract_candidates:parse_all_blobs: tailwindcss_oxide::scanner: enter
2026-02-21T05:58:51.977258Z  INFO extract_candidates:parse_all_blobs:extract: tailwindcss_oxide::scanner: enter
2026-02-21T05:58:51.977680Z  INFO extract_candidates:parse_all_blobs:extract: tailwindcss_oxide::scanner: exit
2026-02-21T05:58:51.977704Z  INFO extract_candidates:parse_all_blobs: tailwindcss_oxide::scanner: exit
2026-02-21T05:58:51.977731Z  INFO extract_candidates: tailwindcss_oxide::scanner: exit
2026-02-21T05:58:51.978385Z  INFO get_files: tailwindcss_oxide::scanner: enter
2026-02-21T05:58:51.978401Z  INFO get_files:discover_sources: tailwindcss_oxide::scanner: enter
2026-02-21T05:58:51.978404Z  INFO get_files:discover_sources: tailwindcss_oxide::scanner: exit
2026-02-21T05:58:51.978451Z  INFO get_files: tailwindcss_oxide::scanner: exit
2026-02-21T05:58:51.978492Z  INFO get_globs: tailwindcss_oxide::scanner: enter
2026-02-21T05:58:51.978496Z  INFO get_globs: tailwindcss_oxide::scanner: exit
2026-02-21T05:58:53.377259Z  INFO discover_sources: tailwindcss_oxide::scanner: enter
2026-02-21T05:58:53.377311Z  INFO discover_sources:walk_parallel: tailwindcss_oxide::scanner: enter
2026-02-21T05:58:53.383951Z  INFO discover_sources:walk_parallel: tailwindcss_oxide::scanner: exit
2026-02-21T05:58:53.384597Z  INFO discover_sources: tailwindcss_oxide::scanner: Reading "G:\\notmine\\demo\\app\\components\\Sidebar.js"
2026-02-21T05:58:53.384615Z  INFO discover_sources: tailwindcss_oxide::scanner: exit
2026-02-21T05:58:53.384620Z  INFO extract_candidates: tailwindcss_oxide::scanner: enter
2026-02-21T05:58:53.384626Z  INFO extract_candidates:parse_all_blobs: tailwindcss_oxide::scanner: enter
2026-02-21T05:58:53.384629Z  INFO extract_candidates:parse_all_blobs:extract: tailwindcss_oxide::scanner: enter
2026-02-21T05:58:53.384788Z  INFO extract_candidates:parse_all_blobs:extract: tailwindcss_oxide::scanner: exit
2026-02-21T05:58:53.384811Z  INFO extract_candidates:parse_all_blobs: tailwindcss_oxide::scanner: exit
2026-02-21T05:58:53.384839Z  INFO extract_candidates: tailwindcss_oxide::scanner: exit
2026-02-21T05:58:53.385187Z  INFO get_files: tailwindcss_oxide::scanner: enter
2026-02-21T05:58:53.385193Z  INFO get_files:discover_sources: tailwindcss_oxide::scanner: enter
2026-02-21T05:58:53.385197Z  INFO get_files:discover_sources: tailwindcss_oxide::scanner: exit
2026-02-21T05:58:53.385373Z  INFO get_files: tailwindcss_oxide::scanner: exit
2026-02-21T05:58:53.385675Z  INFO get_globs: tailwindcss_oxide::scanner: enter
2026-02-21T05:58:53.385684Z  INFO get_globs: tailwindcss_oxide::scanner: exit
2026-02-21T05:58:55.497322Z  INFO discover_sources: tailwindcss_oxide::scanner: enter
2026-02-21T05:58:55.497394Z  INFO discover_sources:walk_parallel: tailwindcss_oxide::scanner: enter
2026-02-21T05:58:55.514533Z  INFO discover_sources:walk_parallel: tailwindcss_oxide::scanner: exit
2026-02-21T05:58:55.515713Z  INFO discover_sources: tailwindcss_oxide::scanner: Reading "G:\\notmine\\demo\\app\\actions.js"
2026-02-21T05:58:55.515754Z  INFO discover_sources: tailwindcss_oxide::scanner: exit
2026-02-21T05:58:55.515766Z  INFO extract_candidates: tailwindcss_oxide::scanner: enter
2026-02-21T05:58:55.515773Z  INFO extract_candidates:parse_all_blobs: tailwindcss_oxide::scanner: enter
2026-02-21T05:58:55.515779Z  INFO extract_candidates:parse_all_blobs:extract: tailwindcss_oxide::scanner: enter
2026-02-21T05:58:55.517230Z  INFO extract_candidates:parse_all_blobs:extract: tailwindcss_oxide::scanner: exit
2026-02-21T05:58:55.517296Z  INFO extract_candidates:parse_all_blobs: tailwindcss_oxide::scanner: exit
2026-02-21T05:58:55.517332Z  INFO extract_candidates: tailwindcss_oxide::scanner: exit
2026-02-21T05:58:55.517973Z  INFO get_files: tailwindcss_oxide::scanner: enter
2026-02-21T05:58:55.518031Z  INFO get_files:discover_sources: tailwindcss_oxide::scanner: enter
2026-02-21T05:58:55.518039Z  INFO get_files:discover_sources: tailwindcss_oxide::scanner: exit
2026-02-21T05:58:55.518367Z  INFO get_files: tailwindcss_oxide::scanner: exit
2026-02-21T05:58:55.518520Z  INFO get_globs: tailwindcss_oxide::scanner: enter
2026-02-21T05:58:55.518536Z  INFO get_globs: tailwindcss_oxide::scanner: exit
2026-02-21T05:59:09.740639Z  INFO discover_sources: tailwindcss_oxide::scanner: enter
2026-02-21T05:59:09.740699Z  INFO discover_sources:walk_parallel: tailwindcss_oxide::scanner: enter
2026-02-21T05:59:09.747622Z  INFO discover_sources:walk_parallel: tailwindcss_oxide::scanner: exit
2026-02-21T05:59:09.748167Z  INFO discover_sources: tailwindcss_oxide::scanner: Reading "G:\\notmine\\demo\\app\\components\\Sidebar.js"
2026-02-21T05:59:09.748178Z  INFO discover_sources: tailwindcss_oxide::scanner: exit
2026-02-21T05:59:09.748182Z  INFO extract_candidates: tailwindcss_oxide::scanner: enter
2026-02-21T05:59:09.748186Z  INFO extract_candidates:parse_all_blobs: tailwindcss_oxide::scanner: enter
2026-02-21T05:59:09.748193Z  INFO extract_candidates:parse_all_blobs:extract: tailwindcss_oxide::scanner: enter
2026-02-21T05:59:09.748387Z  INFO extract_candidates:parse_all_blobs:extract: tailwindcss_oxide::scanner: exit
2026-02-21T05:59:09.748398Z  INFO extract_candidates:parse_all_blobs: tailwindcss_oxide::scanner: exit
2026-02-21T05:59:09.748432Z  INFO extract_candidates: tailwindcss_oxide::scanner: exit
2026-02-21T05:59:09.748924Z  INFO get_files: tailwindcss_oxide::scanner: enter
2026-02-21T05:59:09.748935Z  INFO get_files:discover_sources: tailwindcss_oxide::scanner: enter
2026-02-21T05:59:09.748939Z  INFO get_files:discover_sources: tailwindcss_oxide::scanner: exit
2026-02-21T05:59:09.749129Z  INFO get_files: tailwindcss_oxide::scanner: exit
2026-02-21T05:59:09.749217Z  INFO get_globs: tailwindcss_oxide::scanner: enter
2026-02-21T05:59:09.749224Z  INFO get_globs: tailwindcss_oxide::scanner: exit
2026-02-21T05:59:21.998925Z  INFO discover_sources: tailwindcss_oxide::scanner: enter
2026-02-21T05:59:21.998989Z  INFO discover_sources:walk_parallel: tailwindcss_oxide::scanner: enter
2026-02-21T05:59:22.007410Z  INFO discover_sources:walk_parallel: tailwindcss_oxide::scanner: exit
2026-02-21T05:59:22.007926Z  INFO discover_sources: tailwindcss_oxide::scanner: Reading "G:\\notmine\\demo\\app\\components\\Sidebar.js"
2026-02-21T05:59:22.007936Z  INFO discover_sources: tailwindcss_oxide::scanner: exit
2026-02-21T05:59:22.007940Z  INFO extract_candidates: tailwindcss_oxide::scanner: enter
2026-02-21T05:59:22.007943Z  INFO extract_candidates:parse_all_blobs: tailwindcss_oxide::scanner: enter
2026-02-21T05:59:22.007950Z  INFO extract_candidates:parse_all_blobs:extract: tailwindcss_oxide::scanner: enter
2026-02-21T05:59:22.008064Z  INFO extract_candidates:parse_all_blobs:extract: tailwindcss_oxide::scanner: exit
2026-02-21T05:59:22.008094Z  INFO extract_candidates:parse_all_blobs: tailwindcss_oxide::scanner: exit
2026-02-21T05:59:22.008127Z  INFO extract_candidates: tailwindcss_oxide::scanner: exit
2026-02-21T05:59:22.008461Z  INFO get_files: tailwindcss_oxide::scanner: enter
2026-02-21T05:59:22.008467Z  INFO get_files:discover_sources: tailwindcss_oxide::scanner: enter
2026-02-21T05:59:22.008469Z  INFO get_files:discover_sources: tailwindcss_oxide::scanner: exit
2026-02-21T05:59:22.008508Z  INFO get_files: tailwindcss_oxide::scanner: exit
2026-02-21T05:59:22.008558Z  INFO get_globs: tailwindcss_oxide::scanner: enter
2026-02-21T05:59:22.008563Z  INFO get_globs: tailwindcss_oxide::scanner: exit
2026-02-21T05:59:22.905794Z  INFO discover_sources: tailwindcss_oxide::scanner: enter
2026-02-21T05:59:22.905831Z  INFO discover_sources:walk_parallel: tailwindcss_oxide::scanner: enter
2026-02-21T05:59:22.911893Z  INFO discover_sources:walk_parallel: tailwindcss_oxide::scanner: exit
2026-02-21T05:59:22.912463Z  INFO discover_sources: tailwindcss_oxide::scanner: Reading "G:\\notmine\\demo\\app\\class\\[id]\\page.js"
2026-02-21T05:59:22.912478Z  INFO discover_sources: tailwindcss_oxide::scanner: exit
2026-02-21T05:59:22.912484Z  INFO extract_candidates: tailwindcss_oxide::scanner: enter
2026-02-21T05:59:22.912488Z  INFO extract_candidates:parse_all_blobs: tailwindcss_oxide::scanner: enter
2026-02-21T05:59:22.912491Z  INFO extract_candidates:parse_all_blobs:extract: tailwindcss_oxide::scanner: enter
2026-02-21T05:59:22.913037Z  INFO extract_candidates:parse_all_blobs:extract: tailwindcss_oxide::scanner: exit
2026-02-21T05:59:22.913061Z  INFO extract_candidates:parse_all_blobs: tailwindcss_oxide::scanner: exit
2026-02-21T05:59:22.913087Z  INFO extract_candidates: tailwindcss_oxide::scanner: exit
2026-02-21T05:59:22.913377Z  INFO get_files: tailwindcss_oxide::scanner: enter
2026-02-21T05:59:22.913384Z  INFO get_files:discover_sources: tailwindcss_oxide::scanner: enter
2026-02-21T05:59:22.913387Z  INFO get_files:discover_sources: tailwindcss_oxide::scanner: exit
2026-02-21T05:59:22.913466Z  INFO get_files: tailwindcss_oxide::scanner: exit
2026-02-21T05:59:22.913507Z  INFO get_globs: tailwindcss_oxide::scanner: enter
2026-02-21T05:59:22.913512Z  INFO get_globs: tailwindcss_oxide::scanner: exit
2026-02-21T05:59:25.603724Z  INFO discover_sources: tailwindcss_oxide::scanner: enter
2026-02-21T05:59:25.603765Z  INFO discover_sources:walk_parallel: tailwindcss_oxide::scanner: enter
2026-02-21T05:59:25.611537Z  INFO discover_sources:walk_parallel: tailwindcss_oxide::scanner: exit
2026-02-21T05:59:25.612245Z  INFO discover_sources: tailwindcss_oxide::scanner: Reading "G:\\notmine\\demo\\app\\components\\Sidebar.js"
2026-02-21T05:59:25.612261Z  INFO discover_sources: tailwindcss_oxide::scanner: exit
2026-02-21T05:59:25.612270Z  INFO extract_candidates: tailwindcss_oxide::scanner: enter
2026-02-21T05:59:25.612275Z  INFO extract_candidates:parse_all_blobs: tailwindcss_oxide::scanner: enter
2026-02-21T05:59:25.612279Z  INFO extract_candidates:parse_all_blobs:extract: tailwindcss_oxide::scanner: enter
2026-02-21T05:59:25.612460Z  INFO extract_candidates:parse_all_blobs:extract: tailwindcss_oxide::scanner: exit
2026-02-21T05:59:25.612467Z  INFO extract_candidates:parse_all_blobs: tailwindcss_oxide::scanner: exit
2026-02-21T05:59:25.612493Z  INFO extract_candidates: tailwindcss_oxide::scanner: exit
2026-02-21T05:59:25.612843Z  INFO get_files: tailwindcss_oxide::scanner: enter
2026-02-21T05:59:25.612853Z  INFO get_files:discover_sources: tailwindcss_oxide::scanner: enter
2026-02-21T05:59:25.612861Z  INFO get_files:discover_sources: tailwindcss_oxide::scanner: exit
2026-02-21T05:59:25.612972Z  INFO get_files: tailwindcss_oxide::scanner: exit
2026-02-21T05:59:25.613026Z  INFO get_globs: tailwindcss_oxide::scanner: enter
2026-02-21T05:59:25.613032Z  INFO get_globs: tailwindcss_oxide::scanner: exit
2026-02-21T06:00:07.228935Z  INFO discover_sources: tailwindcss_oxide::scanner: enter
2026-02-21T06:00:07.229005Z  INFO discover_sources:walk_parallel: tailwindcss_oxide::scanner: enter
2026-02-21T06:00:07.259197Z  INFO discover_sources:walk_parallel: tailwindcss_oxide::scanner: exit
2026-02-21T06:00:07.260438Z  INFO discover_sources: tailwindcss_oxide::scanner: Reading "G:\\notmine\\demo\\app\\class\\[id]\\ClassroomClient.js"
2026-02-21T06:00:07.260484Z  INFO discover_sources: tailwindcss_oxide::scanner: exit
2026-02-21T06:00:07.260498Z  INFO extract_candidates: tailwindcss_oxide::scanner: enter
2026-02-21T06:00:07.260505Z  INFO extract_candidates:parse_all_blobs: tailwindcss_oxide::scanner: enter
2026-02-21T06:00:07.260514Z  INFO extract_candidates:parse_all_blobs:extract: tailwindcss_oxide::scanner: enter
2026-02-21T06:00:07.264954Z  INFO extract_candidates:parse_all_blobs:extract: tailwindcss_oxide::scanner: exit
2026-02-21T06:00:07.265035Z  INFO extract_candidates:parse_all_blobs: tailwindcss_oxide::scanner: exit
2026-02-21T06:00:07.265128Z  INFO extract_candidates: tailwindcss_oxide::scanner: exit
2026-02-21T06:00:07.265806Z  INFO get_files: tailwindcss_oxide::scanner: enter
2026-02-21T06:00:07.265829Z  INFO get_files:discover_sources: tailwindcss_oxide::scanner: enter
2026-02-21T06:00:07.265837Z  INFO get_files:discover_sources: tailwindcss_oxide::scanner: exit
2026-02-21T06:00:07.266077Z  INFO get_files: tailwindcss_oxide::scanner: exit
2026-02-21T06:00:07.266183Z  INFO get_globs: tailwindcss_oxide::scanner: enter
2026-02-21T06:00:07.266195Z  INFO get_globs: tailwindcss_oxide::scanner: exit
2026-02-21T06:00:29.903015Z  INFO discover_sources: tailwindcss_oxide::scanner: enter
2026-02-21T06:00:29.903051Z  INFO discover_sources:walk_parallel: tailwindcss_oxide::scanner: enter
2026-02-21T06:00:29.910070Z  INFO discover_sources:walk_parallel: tailwindcss_oxide::scanner: exit
2026-02-21T06:00:29.910897Z  INFO discover_sources: tailwindcss_oxide::scanner: Reading "G:\\notmine\\demo\\app\\class\\[id]\\ClassroomClient.js"
2026-02-21T06:00:29.910920Z  INFO discover_sources: tailwindcss_oxide::scanner: exit
2026-02-21T06:00:29.910929Z  INFO extract_candidates: tailwindcss_oxide::scanner: enter
2026-02-21T06:00:29.910933Z  INFO extract_candidates:parse_all_blobs: tailwindcss_oxide::scanner: enter
2026-02-21T06:00:29.910938Z  INFO extract_candidates:parse_all_blobs:extract: tailwindcss_oxide::scanner: enter
2026-02-21T06:00:29.911388Z  INFO extract_candidates:parse_all_blobs:extract: tailwindcss_oxide::scanner: exit
2026-02-21T06:00:29.911414Z  INFO extract_candidates:parse_all_blobs: tailwindcss_oxide::scanner: exit
2026-02-21T06:00:29.911469Z  INFO extract_candidates: tailwindcss_oxide::scanner: exit
2026-02-21T06:00:29.911957Z  INFO get_files: tailwindcss_oxide::scanner: enter
2026-02-21T06:00:29.911970Z  INFO get_files:discover_sources: tailwindcss_oxide::scanner: enter
2026-02-21T06:00:29.911975Z  INFO get_files:discover_sources: tailwindcss_oxide::scanner: exit
2026-02-21T06:00:29.912077Z  INFO get_files: tailwindcss_oxide::scanner: exit
2026-02-21T06:00:29.912160Z  INFO get_globs: tailwindcss_oxide::scanner: enter
2026-02-21T06:00:29.912167Z  INFO get_globs: tailwindcss_oxide::scanner: exit
